Loading plugins phase: Elapsed time ==> 0s.597ms
Initializing data phase: Elapsed time ==> 0s.000ms
<CYPRESSTAG name="CyDsfit arguments...">
cydsfit arguments: -.fdsnotice -.fdswarpdepfile=warp_dependencies.txt -.fdselabdepfile=elab_dependencies.txt -.fdsbldfile=generated_files.txt -p C:\Users\Karsten\Desktop\IHA\3. Semester\Projekt\PHProbe\PHProbe.cydsn\PHProbe.cyprj -d CY8C4245AXI-483 -s C:\Users\Karsten\Desktop\IHA\3. Semester\Projekt\PHProbe\PHProbe.cydsn\Generated_Source\PSoC4 -- -yv2 -q10 -ygs -o2 -v3 -.fftcfgtype=LE</CYPRESSTAG>
<CYPRESSTAG name="Design elaboration results...">
ADD: sdb.M0061: information: Info from component: ADC. The actual sample rate (1736 SPS) differs from the desired sample rate (1953 SPS) due to the clock configuration in the DWR.
 * C:\Users\Karsten\Desktop\IHA\3. Semester\Projekt\PHProbe\PHProbe.cydsn\TopDesign\TopDesign.cysch (Instance:ADC)

</CYPRESSTAG>
Elaboration phase: Elapsed time ==> 4s.934ms
<CYPRESSTAG name="HDL generation results...">
</CYPRESSTAG>
HDL generation phase: Elapsed time ==> 0s.144ms
<CYPRESSTAG name="Synthesis results...">

     | | | | | | |
   _________________
  -|               |-
  -|               |-
  -|               |-
  -|    CYPRESS    |-
  -|               |-
  -|               |-   Warp Verilog Synthesis Compiler: Version 6.3 IR 41
  -|               |-   Copyright (C) 1991-2001 Cypress Semiconductor
   |_______________|
     | | | | | | |

======================================================================
Compiling:  PHProbe.v
Program  :   C:\Program Files (x86)\Cypress\PSoC Creator\3.1\PSoC Creator\warp\bin/warp.exe
Options  :    -yv2 -q10 -ygs -o2 -v3 -.fftcfgtype=LE -ya -.fftprj=C:\Users\Karsten\Desktop\IHA\3. Semester\Projekt\PHProbe\PHProbe.cydsn\PHProbe.cyprj -dcpsoc3 PHProbe.v -verilog
======================================================================

======================================================================
Compiling:  PHProbe.v
Program  :   C:\Program Files (x86)\Cypress\PSoC Creator\3.1\PSoC Creator\warp\bin/warp.exe
Options  :    -yv2 -q10 -ygs -o2 -v3 -.fftcfgtype=LE -ya -.fftprj=C:\Users\Karsten\Desktop\IHA\3. Semester\Projekt\PHProbe\PHProbe.cydsn\PHProbe.cyprj -dcpsoc3 PHProbe.v -verilog
======================================================================

======================================================================
Compiling:  PHProbe.v
Program  :   vlogfe
Options  :    -yv2 -q10 -ygs -o2 -v3 -.fftcfgtype=LE -ya -.fftprj=C:\Users\Karsten\Desktop\IHA\3. Semester\Projekt\PHProbe\PHProbe.cydsn\PHProbe.cyprj -dcpsoc3 -verilog PHProbe.v
======================================================================

vlogfe V6.3 IR 41:  Verilog parser
Fri May 15 11:38:39 2015


======================================================================
Compiling:  PHProbe.v
Program  :   vpp
Options  :    -yv2 -q10 PHProbe.v
======================================================================

vpp V6.3 IR 41:  Verilog Pre-Processor
Fri May 15 11:38:39 2015

Flattening file 'C:\Program Files (x86)\Cypress\PSoC Creator\3.1\PSoC Creator\warp\..\psoc\content\cyprimitives\CyPrimitives.cylib\cy_analog_virtualmux_v1_0\cy_analog_virtualmux_v1_0.v'
Flattening file 'C:\Program Files (x86)\Cypress\PSoC Creator\3.1\PSoC Creator\warp\..\psoc\content\cyprimitives\CyPrimitives.cylib\ZeroTerminal\ZeroTerminal.v'
Flattening file 'C:\Program Files (x86)\Cypress\PSoC Creator\3.1\PSoC Creator\warp\..\psoc\content\cyprimitives\CyPrimitives.cylib\or_v1_0\or_v1_0.v'
Flattening file 'C:\Program Files (x86)\Cypress\PSoC Creator\3.1\PSoC Creator\warp\..\psoc\content\cycomponentlibrary\CyComponentLibrary.cylib\Bus_Connect_v2_0\Bus_Connect_v2_0.v'
Flattening file 'C:\Program Files (x86)\Cypress\PSoC Creator\3.1\PSoC Creator\warp\lib\common\cypress.v'
Flattening file 'C:\Program Files (x86)\Cypress\PSoC Creator\3.1\PSoC Creator\warp\lib\common\cy_psoc3_inc.v'
Flattening file 'C:\Program Files (x86)\Cypress\PSoC Creator\3.1\PSoC Creator\warp\..\psoc\content\cyprimitives\CyPrimitives.cylib\cy_virtualmux_v1_0\cy_virtualmux_v1_0.v'
Flattening file 'C:\Program Files (x86)\Cypress\PSoC Creator\3.1\PSoC Creator\warp\..\psoc\content\cycomponentlibrary\CyComponentLibrary.cylib\Debouncer_v1_0\Debouncer_v1_0.v'
Flattening file 'C:\Program Files (x86)\Cypress\PSoC Creator\3.1\PSoC Creator\warp\lib\common\cypress.v'

vpp:  No errors.

Library 'work' => directory 'lcpsoc3'
General_symbol_table
General_symbol_table
Linking 'C:\Program Files (x86)\Cypress\PSoC Creator\3.1\PSoC Creator\warp\lib\common\std.vhd'.
Linking 'C:\Program Files (x86)\Cypress\PSoC Creator\3.1\PSoC Creator\warp\lib\common\cypress.vhd'.
Linking 'C:\Program Files (x86)\Cypress\PSoC Creator\3.1\PSoC Creator\warp\lib\common\work\cypress.vif'.
Linking 'C:\Program Files (x86)\Cypress\PSoC Creator\3.1\PSoC Creator\warp\lib\ieee\work\stdlogic.vif'.
Linking 'C:\Program Files (x86)\Cypress\PSoC Creator\3.1\PSoC Creator\warp\lib\common\stdlogic\lpmpkg.vif'.
Linking 'C:\Program Files (x86)\Cypress\PSoC Creator\3.1\PSoC Creator\warp\lib\common\stdlogic\rtlpkg.vif'.
Linking 'C:\Program Files (x86)\Cypress\PSoC Creator\3.1\PSoC Creator\warp\lib\common\stdlogic\mod_cnst.vif'.
Linking 'C:\Program Files (x86)\Cypress\PSoC Creator\3.1\PSoC Creator\warp\lib\common\stdlogic\mod_mthv.vif'.
Linking 'C:\Program Files (x86)\Cypress\PSoC Creator\3.1\PSoC Creator\warp\lib\common\stdlogic\mod_genv.vif'.
Using control file 'PHProbe.ctl'.

vlogfe:  No errors.


======================================================================
Compiling:  PHProbe.v
Program  :   tovif
Options  :    -yv2 -q10 -ygs -o2 -v3 -.fftcfgtype=LE -ya -.fftprj=C:\Users\Karsten\Desktop\IHA\3. Semester\Projekt\PHProbe\PHProbe.cydsn\PHProbe.cyprj -dcpsoc3 -verilog PHProbe.v
======================================================================

tovif V6.3 IR 41:  High-level synthesis
Fri May 15 11:38:40 2015

Linking 'C:\Program Files (x86)\Cypress\PSoC Creator\3.1\PSoC Creator\warp\lib\common\std.vhd'.
Linking 'C:\Program Files (x86)\Cypress\PSoC Creator\3.1\PSoC Creator\warp\lib\common\cypress.vhd'.
Linking 'C:\Program Files (x86)\Cypress\PSoC Creator\3.1\PSoC Creator\warp\lib\common\work\cypress.vif'.
Linking 'C:\Program Files (x86)\Cypress\PSoC Creator\3.1\PSoC Creator\warp\lib\ieee\work\stdlogic.vif'.
Linking 'C:\Program Files (x86)\Cypress\PSoC Creator\3.1\PSoC Creator\warp\lib\common\stdlogic\lpmpkg.vif'.
Linking 'C:\Program Files (x86)\Cypress\PSoC Creator\3.1\PSoC Creator\warp\lib\common\stdlogic\rtlpkg.vif'.
Linking 'C:\Program Files (x86)\Cypress\PSoC Creator\3.1\PSoC Creator\warp\lib\common\stdlogic\mod_cnst.vif'.
Linking 'C:\Program Files (x86)\Cypress\PSoC Creator\3.1\PSoC Creator\warp\lib\common\stdlogic\mod_mthv.vif'.
Linking 'C:\Program Files (x86)\Cypress\PSoC Creator\3.1\PSoC Creator\warp\lib\common\stdlogic\mod_genv.vif'.
Linking 'C:\Users\Karsten\Desktop\IHA\3. Semester\Projekt\PHProbe\PHProbe.cydsn\codegentemp\PHProbe.ctl'.
Linking 'C:\Program Files (x86)\Cypress\PSoC Creator\3.1\PSoC Creator\psoc\content\cyprimitives\CyPrimitives.cylib\cy_analog_virtualmux_v1_0\cy_analog_virtualmux_v1_0.v'.
Linking 'C:\Users\Karsten\Desktop\IHA\3. Semester\Projekt\PHProbe\PHProbe.cydsn\codegentemp\PHProbe.v'.
Linking 'C:\Program Files (x86)\Cypress\PSoC Creator\3.1\PSoC Creator\psoc\content\cyprimitives\CyPrimitives.cylib\ZeroTerminal\ZeroTerminal.v'.
Linking 'C:\Program Files (x86)\Cypress\PSoC Creator\3.1\PSoC Creator\psoc\content\cyprimitives\CyPrimitives.cylib\or_v1_0\or_v1_0.v'.
Linking 'C:\Program Files (x86)\Cypress\PSoC Creator\3.1\PSoC Creator\psoc\content\cycomponentlibrary\CyComponentLibrary.cylib\Bus_Connect_v2_0\Bus_Connect_v2_0.v'.
Linking 'C:\Program Files (x86)\Cypress\PSoC Creator\3.1\PSoC Creator\warp\lib\common\cypress.v'.
Linking 'C:\Program Files (x86)\Cypress\PSoC Creator\3.1\PSoC Creator\warp\lib\common\cy_psoc3_inc.v'.
Linking 'C:\Program Files (x86)\Cypress\PSoC Creator\3.1\PSoC Creator\psoc\content\cyprimitives\CyPrimitives.cylib\cy_virtualmux_v1_0\cy_virtualmux_v1_0.v'.
Linking 'C:\Program Files (x86)\Cypress\PSoC Creator\3.1\PSoC Creator\psoc\content\cycomponentlibrary\CyComponentLibrary.cylib\Debouncer_v1_0\Debouncer_v1_0.v'.

tovif:  No errors.


======================================================================
Compiling:  PHProbe.v
Program  :   topld
Options  :    -yv2 -q10 -ygs -o2 -v3 -.fftcfgtype=LE -ya -.fftprj=C:\Users\Karsten\Desktop\IHA\3. Semester\Projekt\PHProbe\PHProbe.cydsn\PHProbe.cyprj -dcpsoc3 -verilog PHProbe.v
======================================================================

topld V6.3 IR 41:  Synthesis and optimization
Fri May 15 11:38:40 2015

Linking 'C:\Program Files (x86)\Cypress\PSoC Creator\3.1\PSoC Creator\warp\lib\common\std.vhd'.
Linking 'C:\Program Files (x86)\Cypress\PSoC Creator\3.1\PSoC Creator\warp\lib\common\cypress.vhd'.
Linking 'C:\Program Files (x86)\Cypress\PSoC Creator\3.1\PSoC Creator\warp\lib\common\work\cypress.vif'.
Linking 'C:\Program Files (x86)\Cypress\PSoC Creator\3.1\PSoC Creator\warp\lib\ieee\work\stdlogic.vif'.
Linking 'C:\Program Files (x86)\Cypress\PSoC Creator\3.1\PSoC Creator\warp\lib\common\stdlogic\lpmpkg.vif'.
Linking 'C:\Program Files (x86)\Cypress\PSoC Creator\3.1\PSoC Creator\warp\lib\common\stdlogic\rtlpkg.vif'.
Linking 'C:\Program Files (x86)\Cypress\PSoC Creator\3.1\PSoC Creator\warp\lib\common\stdlogic\mod_cnst.vif'.
Linking 'C:\Program Files (x86)\Cypress\PSoC Creator\3.1\PSoC Creator\warp\lib\common\stdlogic\mod_mthv.vif'.
Linking 'C:\Program Files (x86)\Cypress\PSoC Creator\3.1\PSoC Creator\warp\lib\common\stdlogic\mod_genv.vif'.
Linking 'C:\Users\Karsten\Desktop\IHA\3. Semester\Projekt\PHProbe\PHProbe.cydsn\codegentemp\PHProbe.ctl'.
Linking 'C:\Program Files (x86)\Cypress\PSoC Creator\3.1\PSoC Creator\psoc\content\cyprimitives\CyPrimitives.cylib\cy_analog_virtualmux_v1_0\cy_analog_virtualmux_v1_0.v'.
Linking 'C:\Users\Karsten\Desktop\IHA\3. Semester\Projekt\PHProbe\PHProbe.cydsn\codegentemp\PHProbe.v'.
Linking 'C:\Program Files (x86)\Cypress\PSoC Creator\3.1\PSoC Creator\psoc\content\cyprimitives\CyPrimitives.cylib\ZeroTerminal\ZeroTerminal.v'.
Linking 'C:\Program Files (x86)\Cypress\PSoC Creator\3.1\PSoC Creator\psoc\content\cyprimitives\CyPrimitives.cylib\or_v1_0\or_v1_0.v'.
Linking 'C:\Program Files (x86)\Cypress\PSoC Creator\3.1\PSoC Creator\psoc\content\cycomponentlibrary\CyComponentLibrary.cylib\Bus_Connect_v2_0\Bus_Connect_v2_0.v'.
Linking 'C:\Program Files (x86)\Cypress\PSoC Creator\3.1\PSoC Creator\warp\lib\common\cypress.v'.
Linking 'C:\Program Files (x86)\Cypress\PSoC Creator\3.1\PSoC Creator\warp\lib\common\cy_psoc3_inc.v'.
Linking 'C:\Program Files (x86)\Cypress\PSoC Creator\3.1\PSoC Creator\psoc\content\cyprimitives\CyPrimitives.cylib\cy_virtualmux_v1_0\cy_virtualmux_v1_0.v'.
Linking 'C:\Program Files (x86)\Cypress\PSoC Creator\3.1\PSoC Creator\psoc\content\cycomponentlibrary\CyComponentLibrary.cylib\Debouncer_v1_0\Debouncer_v1_0.v'.
Linking 'C:\Program Files (x86)\Cypress\PSoC Creator\3.1\PSoC Creator\warp\lib\lcpsoc3\stdlogic\cpsoc3.vif'.

----------------------------------------------------------
Detecting unused logic.
----------------------------------------------------------
    User names
	\ADC:Net_3125\
	\ADC:Net_3126\


Deleted 2 User equations/components.
Deleted 0 Synthesized equations/components.

------------------------------------------------------
Alias Detection
------------------------------------------------------
Aliasing one to tmpOE__ProbeSignal_net_0
Aliasing \ADC:Net_3107\ to zero
Aliasing \ADC:Net_3106\ to zero
Aliasing \ADC:Net_3105\ to zero
Aliasing \ADC:Net_3104\ to zero
Aliasing \ADC:Net_3103\ to zero
Aliasing \ADC:Net_3207_1\ to zero
Aliasing \ADC:Net_3207_0\ to zero
Aliasing \ADC:Net_3235\ to zero
Aliasing tmpOE__ProbeGND_net_0 to tmpOE__ProbeSignal_net_0
Aliasing tmpOE__CALI_net_0 to tmpOE__ProbeSignal_net_0
Aliasing tmpOE__RED_LED_net_0 to tmpOE__ProbeSignal_net_0
Aliasing tmpOE__GREEN_LED_net_0 to tmpOE__ProbeSignal_net_0
Aliasing \Debouncer:DEBOUNCER[0]:d_sync_1\\D\ to Net_931
Aliasing Net_938D to zero
Aliasing Net_936D to zero
Aliasing Net_937D to zero
Removing Lhs of wire one[17] = tmpOE__ProbeSignal_net_0[12]
Removing Lhs of wire \ADC:Net_3107\[90] = zero[13]
Removing Lhs of wire \ADC:Net_3106\[91] = zero[13]
Removing Lhs of wire \ADC:Net_3105\[92] = zero[13]
Removing Lhs of wire \ADC:Net_3104\[93] = zero[13]
Removing Lhs of wire \ADC:Net_3103\[94] = zero[13]
Removing Lhs of wire \ADC:Net_17\[136] = \ADC:Net_1845\[21]
Removing Lhs of wire \ADC:Net_3207_1\[158] = zero[13]
Removing Lhs of wire \ADC:Net_3207_0\[159] = zero[13]
Removing Lhs of wire \ADC:Net_3235\[160] = zero[13]
Removing Lhs of wire tmpOE__ProbeGND_net_0[237] = tmpOE__ProbeSignal_net_0[12]
Removing Lhs of wire tmpOE__CALI_net_0[243] = tmpOE__ProbeSignal_net_0[12]
Removing Lhs of wire tmpOE__RED_LED_net_0[249] = tmpOE__ProbeSignal_net_0[12]
Removing Lhs of wire tmpOE__GREEN_LED_net_0[255] = tmpOE__ProbeSignal_net_0[12]
Removing Rhs of wire Net_931[265] = \Debouncer:DEBOUNCER[0]:d_sync_0\[263]
Removing Lhs of wire \Debouncer:DEBOUNCER[0]:d_sync_0\\D\[271] = Net_921[244]
Removing Lhs of wire \Debouncer:DEBOUNCER[0]:d_sync_1\\D\[272] = Net_931[265]
Removing Lhs of wire Net_938D[273] = zero[13]
Removing Lhs of wire Net_936D[274] = zero[13]
Removing Lhs of wire Net_937D[275] = zero[13]

------------------------------------------------------
Aliased 0 equations, 20 wires.
------------------------------------------------------

----------------------------------------------------------
Circuit simplification
----------------------------------------------------------

Substituting virtuals - pass 1:


----------------------------------------------------------
Circuit simplification results:

	Expanded 0 signals.
	Turned 0 signals into soft nodes.
	Maximum default expansion cost was set at 3.
----------------------------------------------------------

topld:  No errors.

CYPRESS_DIR    : C:\Program Files (x86)\Cypress\PSoC Creator\3.1\PSoC Creator\warp
Warp Program   : C:\Program Files (x86)\Cypress\PSoC Creator\3.1\PSoC Creator\warp\bin/warp.exe
Warp Arguments : -yv2 -q10 -ygs -o2 -v3 -.fftcfgtype=LE -ya "-.fftprj=C:\Users\Karsten\Desktop\IHA\3. Semester\Projekt\PHProbe\PHProbe.cydsn\PHProbe.cyprj" -dcpsoc3 PHProbe.v -verilog
</CYPRESSTAG>
Warp synthesis phase: Elapsed time ==> 1s.910ms
<CYPRESSTAG name="Fitter results...">
<CYPRESSTAG name="Fitter startup details...">
cyp3fit: V3.1.0.1570, Family: PSoC3, Started at: Friday, 15 May 2015 11:38:41
Options: -yv2 -q10 -ygs -o2 -v3 -.fftcfgtype=LE -ya -.fftprj=C:\Users\Karsten\Desktop\IHA\3. Semester\Projekt\PHProbe\PHProbe.cydsn\PHProbe.cyprj -d CY8C4245AXI-483 PHProbe.v -verilog
</CYPRESSTAG>
<CYPRESSTAG name="Design parsing">
Design parsing phase: Elapsed time ==> 0s.031ms
</CYPRESSTAG>
<CYPRESSTAG name="Tech mapping">
<CYPRESSTAG name="Initial Mapping" icon="FILE_RPT_TECHM">
    Converted constant MacroCell: Net_936 from registered to combinatorial
    Converted constant MacroCell: Net_937 from registered to combinatorial
    Converted constant MacroCell: Net_938 from registered to combinatorial

Removing unused cells resulting from optimization
Done removing unused cells.
<CYPRESSTAG name="Global Clock Selection" icon="FILE_RPT_TECHM">
    Fixed Function Clock 7: Automatic-assigning  clock 'ADC_intClock'. Signal=\ADC:Net_1845_ff7\
    Digital Clock 0: Automatic-assigning  clock 'Clock_1'. Fanout=1, Signal=Net_922_digital
<CYPRESSTAG name="UDB Clock/Enable Remapping Results">
    UDB Clk/Enable \Debouncer:ClkSync\: with output requested to be synchronous
        ClockIn: ClockGenBlock:m0s8clockgenblockcell.gen_clk_out_0 was determined to be a global clock that is synchronous to HFCLK
        EnableIn: Constant 1 was determined to be synchronous to ClockIn
        ClockOut: ClockGenBlock:m0s8clockgenblockcell.gen_clk_out_0, EnableOut: Constant 1
</CYPRESSTAG>
</CYPRESSTAG>

Removing unused cells resulting from optimization
Done removing unused cells.
<CYPRESSTAG name="Duplicate Macrocell detection">
</CYPRESSTAG>
</CYPRESSTAG>
<CYPRESSTAG name="Duplicate Macrocell detection">
</CYPRESSTAG>
<CYPRESSTAG name="Design Equations" icon="FILE_RPT_EQUATION">

------------------------------------------------------------
Design Equations
------------------------------------------------------------
    <CYPRESSTAG name="Pin listing">

    ------------------------------------------------------------
    Pin listing
    ------------------------------------------------------------

    Pin : Name = CALI(0)
        Attributes:
            In Group/Port: True
            In Sync Option: SYNC
            Out Sync Option: AUTO
            Interrupt generated: False
            Interrupt mode: NONE
            Drive mode: RES_PULL_DOWN
            VTrip: CMOS
            Slew: FAST
            Input Sync needed: True
            Output Sync needed: False
            SC shield enabled: False
            POR State: ANY
            LCD Mode: COMMON
            Register Mode: RegComb
            CaSense Mode: NEITHER
            Treat as pin: True
            Is OE Registered: False
            Uses Analog: False
            Can contain Digital: True
            Is SIO: False
            SIO Output Buf: NONREGULATED
            SIO Input Buf: SINGLE_ENDED
            SIO HiFreq: LOW
            SIO Hyst: DISABLED
            SIO Vtrip: MULTIPLIER_0_5
            SIO RefSel: VCC_IO
            Required Capabilitites: DIGITAL, ROUTABLE
            Initial Value: 0
            IO Voltage: 0
        PORT MAP (
            pa_out => CALI(0)__PA ,
            fb => Net_921 ,
            pad => CALI(0)_PAD );
        Properties:
        {
        }

    Pin : Name = GREEN_LED(0)
        Attributes:
            In Group/Port: True
            In Sync Option: AUTO
            Out Sync Option: NOSYNC
            Interrupt generated: False
            Interrupt mode: NONE
            Drive mode: CMOS_OUT
            VTrip: EITHER
            Slew: FAST
            Input Sync needed: False
            Output Sync needed: False
            SC shield enabled: False
            POR State: ANY
            LCD Mode: COMMON
            Register Mode: RegComb
            CaSense Mode: NEITHER
            Treat as pin: True
            Is OE Registered: False
            Uses Analog: False
            Can contain Digital: True
            Is SIO: False
            SIO Output Buf: NONREGULATED
            SIO Input Buf: SINGLE_ENDED
            SIO HiFreq: LOW
            SIO Hyst: DISABLED
            SIO Vtrip: MULTIPLIER_0_5
            SIO RefSel: VCC_IO
            Required Capabilitites: DIGITAL
            Initial Value: 0
            IO Voltage: 0
        PORT MAP (
            pa_out => GREEN_LED(0)__PA ,
            pad => GREEN_LED(0)_PAD );
        Properties:
        {
        }

    Pin : Name = ProbeGND(0)
        Attributes:
            In Group/Port: True
            In Sync Option: AUTO
            Out Sync Option: AUTO
            Interrupt generated: False
            Interrupt mode: NONE
            Drive mode: HI_Z_ANALOG
            VTrip: EITHER
            Slew: FAST
            Input Sync needed: False
            Output Sync needed: False
            SC shield enabled: False
            POR State: ANY
            LCD Mode: COMMON
            Register Mode: RegComb
            CaSense Mode: NEITHER
            Treat as pin: True
            Is OE Registered: False
            Uses Analog: True
            Can contain Digital: False
            Is SIO: False
            SIO Output Buf: NONREGULATED
            SIO Input Buf: SINGLE_ENDED
            SIO HiFreq: LOW
            SIO Hyst: DISABLED
            SIO Vtrip: MULTIPLIER_0_5
            SIO RefSel: VCC_IO
            Required Capabilitites: ANALOG
            Initial Value: 0
            IO Voltage: 0
        PORT MAP (
            pa_out => ProbeGND(0)__PA ,
            analog_term => \ADC:Net_124\ ,
            pad => ProbeGND(0)_PAD );
        Properties:
        {
        }

    Pin : Name = ProbeSignal(0)
        Attributes:
            In Group/Port: True
            In Sync Option: AUTO
            Out Sync Option: AUTO
            Interrupt generated: False
            Interrupt mode: NONE
            Drive mode: HI_Z_ANALOG
            VTrip: EITHER
            Slew: FAST
            Input Sync needed: False
            Output Sync needed: False
            SC shield enabled: False
            POR State: ANY
            LCD Mode: COMMON
            Register Mode: RegComb
            CaSense Mode: NEITHER
            Treat as pin: True
            Is OE Registered: False
            Uses Analog: True
            Can contain Digital: False
            Is SIO: False
            SIO Output Buf: NONREGULATED
            SIO Input Buf: SINGLE_ENDED
            SIO HiFreq: LOW
            SIO Hyst: DISABLED
            SIO Vtrip: MULTIPLIER_0_5
            SIO RefSel: VCC_IO
            Required Capabilitites: ANALOG
            Initial Value: 0
            IO Voltage: 0
        PORT MAP (
            pa_out => ProbeSignal(0)__PA ,
            analog_term => Net_581 ,
            pad => ProbeSignal(0)_PAD );
        Properties:
        {
        }

    Pin : Name = RED_LED(0)
        Attributes:
            In Group/Port: True
            In Sync Option: AUTO
            Out Sync Option: NOSYNC
            Interrupt generated: False
            Interrupt mode: NONE
            Drive mode: CMOS_OUT
            VTrip: EITHER
            Slew: FAST
            Input Sync needed: False
            Output Sync needed: False
            SC shield enabled: False
            POR State: ANY
            LCD Mode: COMMON
            Register Mode: RegComb
            CaSense Mode: NEITHER
            Treat as pin: True
            Is OE Registered: False
            Uses Analog: False
            Can contain Digital: True
            Is SIO: False
            SIO Output Buf: NONREGULATED
            SIO Input Buf: SINGLE_ENDED
            SIO HiFreq: LOW
            SIO Hyst: DISABLED
            SIO Vtrip: MULTIPLIER_0_5
            SIO RefSel: VCC_IO
            Required Capabilitites: DIGITAL
            Initial Value: 0
            IO Voltage: 0
        PORT MAP (
            pa_out => RED_LED(0)__PA ,
            pad => RED_LED(0)_PAD );
        Properties:
        {
        }
    </CYPRESSTAG>
    <CYPRESSTAG name="Macrocell listing" icon="FILE_RPT_EQUATION">

    ------------------------------------------------------------
    Macrocell listing
    ------------------------------------------------------------

    MacroCell: Name=Net_931, Mode=(D-Register)
        Total # of inputs        : 1
        Total # of product terms : 1
        List of special equations: 
            Clock  = (Net_922_digital) => Global
            Clock Enable: True
        Main Equation            : 1 pterm
        (
              Net_921
        );
        Output = Net_931 (fanout=1)
    </CYPRESSTAG>
    <CYPRESSTAG name="Datapath listing">
    </CYPRESSTAG>
    <CYPRESSTAG name="Status register listing">
    </CYPRESSTAG>
    <CYPRESSTAG name="StatusI register listing">
    </CYPRESSTAG>
    <CYPRESSTAG name="Sync listing">
    </CYPRESSTAG>
    <CYPRESSTAG name="Control register listing">
    </CYPRESSTAG>
    <CYPRESSTAG name="Count7 listing">
    </CYPRESSTAG>
    <CYPRESSTAG name="DRQ listing">
    </CYPRESSTAG>
    <CYPRESSTAG name="Interrupt listing">

    ------------------------------------------------------------
    Interrupt listing
    ------------------------------------------------------------

    interrupt: Name =Calibrate
        PORT MAP (
            interrupt => Net_931 );
        Properties:
        {
            int_type = "10"
        }

    interrupt: Name =\ADC:IRQ\
        PORT MAP (
            interrupt => \ADC:Net_3112\ );
        Properties:
        {
            int_type = "10"
        }
    </CYPRESSTAG>
</CYPRESSTAG>
<CYPRESSTAG name="Technology mapping summary" expanded>

------------------------------------------------------------
Technology mapping summary
------------------------------------------------------------

Resource Type                 : Used : Free :  Max :  % Used
============================================================
Digital clock dividers        :    1 :    3 :    4 :  25.00%
Pins                          :    7 :   29 :   36 :  19.44%
UDB Macrocells                :    1 :   31 :   32 :   3.13%
UDB Unique Pterms             :    1 :   63 :   64 :   1.56%
UDB Total Pterms              :    1 :      :      : 
UDB Datapath Cells            :    0 :    4 :    4 :   0.00%
UDB Status Cells              :    0 :    4 :    4 :   0.00%
UDB Control Cells             :    0 :    4 :    4 :   0.00%
Interrupts                    :    2 :   30 :   32 :   6.25%
Comparator/Opamp Fixed Blocks :    1 :    1 :    2 :  50.00%
SAR Fixed Blocks              :    1 :    0 :    1 : 100.00%
CSD Fixed Blocks              :    0 :    1 :    1 :   0.00%
CapSense Blocks               :    0 :    1 :    1 :   0.00%
8-bit CapSense IDACs          :    0 :    1 :    1 :   0.00%
7-bit CapSense IDACs          :    0 :    1 :    1 :   0.00%
Temperature Sensors           :    0 :    1 :    1 :   0.00%
Low Power Comparators         :    0 :    2 :    2 :   0.00%
TCPWM Blocks                  :    0 :    4 :    4 :   0.00%
Serial Communication Blocks   :    0 :    2 :    2 :   0.00%
Segment LCD Blocks            :    0 :    1 :    1 :   0.00%
</CYPRESSTAG>
Technology Mapping: Elapsed time ==> 0s.984ms
Tech mapping phase: Elapsed time ==> 1s.038ms
</CYPRESSTAG>
<CYPRESSTAG name="Analog Placement">
<CYPRESSTAG name="Analog Placement">
Elapsed time ==> 0.0248705s
</CYPRESSTAG>
Analog Placement phase: Elapsed time ==> 0s.108ms
</CYPRESSTAG>
<CYPRESSTAG name="Analog Routing">
<CYPRESSTAG name="Analog Routing">
Route success=True, Iterations=1 Elapsed=0.0056581 secs
</CYPRESSTAG>
Analog Routing phase: Elapsed time ==> 0s.007ms
</CYPRESSTAG>
<CYPRESSTAG name="Analog Code Generation">
============ Analog Final Answer Routes ============
Dump of CyAnalogRoutingResultsDB
Map of net to items {
  Net: Net_581 {
    p2_0
    P2_P50
    amuxbusb
    CTB0_A03
    CTB0_oa1_vplus
  }
  Net: \ADC:Net_124\ {
    p2_1
    SARMUX0_sw9
    sarmux_vminus
  }
  Net: \ADC:Net_2020\ {
    CTB0_oa1_vout1
    CTB0_A82
    CTB0_oa1_vminus
    CTB0_D62
    sarbus1
    SARMUX0_sw23
    sarmux_vplus
  }
  Net: \ADC:Net_3016\ {
  }
  Net: \ADC:Net_3046\ {
  }
  Net: \ADC:Net_8\ {
  }
}
Map of item to net {
  p2_0                                             -> Net_581
  P2_P50                                           -> Net_581
  amuxbusb                                         -> Net_581
  CTB0_A03                                         -> Net_581
  CTB0_oa1_vplus                                   -> Net_581
  p2_1                                             -> \ADC:Net_124\
  SARMUX0_sw9                                      -> \ADC:Net_124\
  sarmux_vminus                                    -> \ADC:Net_124\
  CTB0_oa1_vout1                                   -> \ADC:Net_2020\
  CTB0_A82                                         -> \ADC:Net_2020\
  CTB0_oa1_vminus                                  -> \ADC:Net_2020\
  CTB0_D62                                         -> \ADC:Net_2020\
  sarbus1                                          -> \ADC:Net_2020\
  SARMUX0_sw23                                     -> \ADC:Net_2020\
  sarmux_vplus                                     -> \ADC:Net_2020\
}
Mux Info {
}
Analog Code Generation phase: Elapsed time ==> 0s.208ms
</CYPRESSTAG>
<CYPRESSTAG name="Digital Placement">
<CYPRESSTAG name="Detailed placement messages">
I2076: Total run-time: 0.5 sec.

</CYPRESSTAG>
<CYPRESSTAG name="PLD Packing">
<CYPRESSTAG name="PLD Packing Summary" expanded>

------------------------------------------------------------
PLD Packing Summary
------------------------------------------------------------
            Resource Type : Used : Free :  Max :  % Used
    ====================================================
                     PLDs :    1 :    7 :    8 :  12.50%

<CYPRESSTAG name="PLD Statistics">

        PLD Resource Type :     Average/LAB
    =======================================
                   Inputs :            1.00
                   Pterms :            2.00
               Macrocells :            2.00
</CYPRESSTAG>
<CYPRESSTAG name="Packed PLD Contents">
Packed PLD Contents not displayed at this verbose level.</CYPRESSTAG>
</CYPRESSTAG>
PLD Packing: Elapsed time ==> 0s.002ms
</CYPRESSTAG>
<CYPRESSTAG name="Partitioning">
<CYPRESSTAG name="Initial Partitioning Summary">
Initial Partitioning Summary not displayed at this verbose level.</CYPRESSTAG>
<CYPRESSTAG name="Final Partitioning Summary">
Final Partitioning Summary not displayed at this verbose level.</CYPRESSTAG>
Partitioning: Elapsed time ==> 0s.025ms
</CYPRESSTAG>
<CYPRESSTAG name="Simulated Annealing">
Annealing: Elapsed time ==> 0s.002ms
<CYPRESSTAG name="Simulated Annealing Results">
The seed used for moves was 114161200.
Inital cost was 20, final cost is 20 (0.00% improvement).</CYPRESSTAG>
</CYPRESSTAG>
<CYPRESSTAG name="Final Placement Summary">

------------------------------------------------------------
Final Placement Summary
------------------------------------------------------------

       Resource Type :      Count : Avg Inputs : Avg Outputs
    ========================================================
                 UDB :          1 :       1.00 :       2.00
<CYPRESSTAG name="Final Placement Details">
<CYPRESSTAG name="Component Details">

------------------------------------------------------------
Component Placement Details
------------------------------------------------------------
UDB [UDB=(0,0)] is empty.
UDB [UDB=(0,1)] is empty.
UDB [UDB=(1,0)] is empty.
UDB [UDB=(1,1)] contents:
LAB@[UDB=(1,1)][LB=0] #macrocells=2, #inputs=1, #pterms=2
{
    [McSlotId=0]:     MacroCell: Name=Net_931, Mode=(D-Register) @ [UDB=(1,1)][LB=0][MC=0]
        Total # of inputs        : 1
        Total # of product terms : 1
        List of special equations: 
            Clock  = (Net_922_digital) => Global
            Clock Enable: True
        Main Equation            : 1 pterm
        (
              Net_921
        );
        Output = Net_931 (fanout=1)
        Properties               : 
        {
        }

    [McSlotId=1]:     MacroCell: Name=__ONE__, Mode=(Combinatorial) @ [UDB=(1,1)][LB=0][MC=1]
        Total # of inputs        : 0
        Total # of product terms : 1
            Clock Enable: True
        Main Equation            : 1 pterm
        (
            1
        );
        Output = __ONE__ (fanout=1)
        Properties               : 
        {
        }

    [McSlotId=2]: (empty)
    [McSlotId=3]: (empty)
}

Intr hod @ [IntrHod=(0)]: 
  Intr@ [IntrHod=(0)][IntrId=(0)] 
    interrupt: Name =Calibrate
        PORT MAP (
            interrupt => Net_931 );
        Properties:
        {
            int_type = "10"
        }
  Intr@ [IntrHod=(0)][IntrId=(14)] 
    interrupt: Name =\ADC:IRQ\
        PORT MAP (
            interrupt => \ADC:Net_3112\ );
        Properties:
        {
            int_type = "10"
        }
Port 0 is empty
Port 1 is empty
Port 2 contains the following IO cells:
[IoId=0]: 
Pin : Name = ProbeSignal(0)
    Attributes:
        In Group/Port: True
        In Sync Option: AUTO
        Out Sync Option: AUTO
        Interrupt generated: False
        Interrupt mode: NONE
        Drive mode: HI_Z_ANALOG
        VTrip: EITHER
        Slew: FAST
        Input Sync needed: False
        Output Sync needed: False
        SC shield enabled: False
        POR State: ANY
        LCD Mode: COMMON
        Register Mode: RegComb
        CaSense Mode: NEITHER
        Treat as pin: True
        Is OE Registered: False
        Uses Analog: True
        Can contain Digital: False
        Is SIO: False
        SIO Output Buf: NONREGULATED
        SIO Input Buf: SINGLE_ENDED
        SIO HiFreq: LOW
        SIO Hyst: DISABLED
        SIO Vtrip: MULTIPLIER_0_5
        SIO RefSel: VCC_IO
        Required Capabilitites: ANALOG
        Initial Value: 0
        IO Voltage: 0
    PORT MAP (
        pa_out => ProbeSignal(0)__PA ,
        analog_term => Net_581 ,
        pad => ProbeSignal(0)_PAD ,
        input => __ONE__ );
    Properties:
    {
    }

[IoId=1]: 
Pin : Name = ProbeGND(0)
    Attributes:
        In Group/Port: True
        In Sync Option: AUTO
        Out Sync Option: AUTO
        Interrupt generated: False
        Interrupt mode: NONE
        Drive mode: HI_Z_ANALOG
        VTrip: EITHER
        Slew: FAST
        Input Sync needed: False
        Output Sync needed: False
        SC shield enabled: False
        POR State: ANY
        LCD Mode: COMMON
        Register Mode: RegComb
        CaSense Mode: NEITHER
        Treat as pin: True
        Is OE Registered: False
        Uses Analog: True
        Can contain Digital: False
        Is SIO: False
        SIO Output Buf: NONREGULATED
        SIO Input Buf: SINGLE_ENDED
        SIO HiFreq: LOW
        SIO Hyst: DISABLED
        SIO Vtrip: MULTIPLIER_0_5
        SIO RefSel: VCC_IO
        Required Capabilitites: ANALOG
        Initial Value: 0
        IO Voltage: 0
    PORT MAP (
        pa_out => ProbeGND(0)__PA ,
        analog_term => \ADC:Net_124\ ,
        pad => ProbeGND(0)_PAD );
    Properties:
    {
    }

[IoId=2]: 
Pin : Name = GREEN_LED(0)
    Attributes:
        In Group/Port: True
        In Sync Option: AUTO
        Out Sync Option: NOSYNC
        Interrupt generated: False
        Interrupt mode: NONE
        Drive mode: CMOS_OUT
        VTrip: EITHER
        Slew: FAST
        Input Sync needed: False
        Output Sync needed: False
        SC shield enabled: False
        POR State: ANY
        LCD Mode: COMMON
        Register Mode: RegComb
        CaSense Mode: NEITHER
        Treat as pin: True
        Is OE Registered: False
        Uses Analog: False
        Can contain Digital: True
        Is SIO: False
        SIO Output Buf: NONREGULATED
        SIO Input Buf: SINGLE_ENDED
        SIO HiFreq: LOW
        SIO Hyst: DISABLED
        SIO Vtrip: MULTIPLIER_0_5
        SIO RefSel: VCC_IO
        Required Capabilitites: DIGITAL
        Initial Value: 0
        IO Voltage: 0
    PORT MAP (
        pa_out => GREEN_LED(0)__PA ,
        pad => GREEN_LED(0)_PAD );
    Properties:
    {
    }

[IoId=3]: 
Pin : Name = RED_LED(0)
    Attributes:
        In Group/Port: True
        In Sync Option: AUTO
        Out Sync Option: NOSYNC
        Interrupt generated: False
        Interrupt mode: NONE
        Drive mode: CMOS_OUT
        VTrip: EITHER
        Slew: FAST
        Input Sync needed: False
        Output Sync needed: False
        SC shield enabled: False
        POR State: ANY
        LCD Mode: COMMON
        Register Mode: RegComb
        CaSense Mode: NEITHER
        Treat as pin: True
        Is OE Registered: False
        Uses Analog: False
        Can contain Digital: True
        Is SIO: False
        SIO Output Buf: NONREGULATED
        SIO Input Buf: SINGLE_ENDED
        SIO HiFreq: LOW
        SIO Hyst: DISABLED
        SIO Vtrip: MULTIPLIER_0_5
        SIO RefSel: VCC_IO
        Required Capabilitites: DIGITAL
        Initial Value: 0
        IO Voltage: 0
    PORT MAP (
        pa_out => RED_LED(0)__PA ,
        pad => RED_LED(0)_PAD );
    Properties:
    {
    }

[IoId=7]: 
Pin : Name = CALI(0)
    Attributes:
        In Group/Port: True
        In Sync Option: SYNC
        Out Sync Option: AUTO
        Interrupt generated: False
        Interrupt mode: NONE
        Drive mode: RES_PULL_DOWN
        VTrip: CMOS
        Slew: FAST
        Input Sync needed: True
        Output Sync needed: False
        SC shield enabled: False
        POR State: ANY
        LCD Mode: COMMON
        Register Mode: RegComb
        CaSense Mode: NEITHER
        Treat as pin: True
        Is OE Registered: False
        Uses Analog: False
        Can contain Digital: True
        Is SIO: False
        SIO Output Buf: NONREGULATED
        SIO Input Buf: SINGLE_ENDED
        SIO HiFreq: LOW
        SIO Hyst: DISABLED
        SIO Vtrip: MULTIPLIER_0_5
        SIO RefSel: VCC_IO
        Required Capabilitites: DIGITAL, ROUTABLE
        Initial Value: 0
        IO Voltage: 0
    PORT MAP (
        pa_out => CALI(0)__PA ,
        fb => Net_921 ,
        pad => CALI(0)_PAD );
    Properties:
    {
    }

Port 3 is empty
Port 4 is empty
Clock group 0: 
    M0S8 Clock Block @ [FFB(Clock,0)]: 
    m0s8clockblockcell: Name =ClockBlock
        PORT MAP (
            dsi_in_0 => ClockBlock_Routed1 ,
            lfclk => ClockBlock_LFCLK ,
            ilo => ClockBlock_ILO ,
            sysclk => ClockBlock_SYSCLK ,
            ext => ClockBlock_EXTCLK ,
            imo => ClockBlock_IMO ,
            hfclk => ClockBlock_HFCLK ,
            ff_div_7 => \ADC:Net_1845_ff7\ ,
            udb_div_0 => dclk_to_genclk );
        Properties:
        {
        }
PM group 0: empty
SPC group 0: empty
WDT group 0: empty
FSS group 0: empty
Low Power Comparator group 0: empty
Serial Communication Block group 0: empty
CSD Fixed Block group 0: empty
8-bit CapSense IDAC group 0: empty
7-bit CapSense IDAC group 0: empty
TCPWM Block group 0: empty
Comparator/Opamp Fixed Block group 0: 
    PSoC4 Comparator/Opamp Fixed Block @ [FFB(OA,1)]:
        p4abufcell: Name =\Opamp_1:cy_psoc4_abuf\
            PORT MAP (
                vplus => Net_581 ,
                vminus => \ADC:Net_2020\ ,
                vout1 => \ADC:Net_2020\ ,
                vout10 => \Opamp_1:Net_19\ ,
                ctb_dsi_comp => \Opamp_1:Net_12\ );
            Properties:
            {
                cy_registers = ""
                deepsleep_available = 0
                has_resistor = 0
                needs_dsab = 0
            }
Temperature Sensor group 0: empty
SAR Fixed Block group 0: 
    PSoC4 SAR Fixed Block @ [FFB(SARADC,0)]:
        p4sarcell: Name =\ADC:cy_psoc4_sar\
            PORT MAP (
                vplus => \ADC:Net_2020\ ,
                vminus => \ADC:Net_124\ ,
                vref => \ADC:Net_8\ ,
                ext_vref => \ADC:Net_43\ ,
                clock => \ADC:Net_1845_ff7\ ,
                sample_done => Net_490 ,
                chan_id_valid => \ADC:Net_3108\ ,
                chan_id_3 => \ADC:Net_3109_3\ ,
                chan_id_2 => \ADC:Net_3109_2\ ,
                chan_id_1 => \ADC:Net_3109_1\ ,
                chan_id_0 => \ADC:Net_3109_0\ ,
                data_valid => \ADC:Net_3110\ ,
                data_11 => \ADC:Net_3111_11\ ,
                data_10 => \ADC:Net_3111_10\ ,
                data_9 => \ADC:Net_3111_9\ ,
                data_8 => \ADC:Net_3111_8\ ,
                data_7 => \ADC:Net_3111_7\ ,
                data_6 => \ADC:Net_3111_6\ ,
                data_5 => \ADC:Net_3111_5\ ,
                data_4 => \ADC:Net_3111_4\ ,
                data_3 => \ADC:Net_3111_3\ ,
                data_2 => \ADC:Net_3111_2\ ,
                data_1 => \ADC:Net_3111_1\ ,
                data_0 => \ADC:Net_3111_0\ ,
                eos_intr => Net_491 ,
                irq => \ADC:Net_3112\ );
            Properties:
            {
                cy_registers = ""
            }
Segment LCD Block group 0: empty
CLK_GEN group 0: 
    M0S8 Clock Gen Block @ [FFB(CLK_GEN,0)]: 
    m0s8clockgenblockcell: Name =ClockGenBlock
        PORT MAP (
            gen_clk_out_0 => Net_922_digital ,
            gen_clk_in_0 => dclk_to_genclk );
        Properties:
        {
        }
LPCOMPBLOCK group 0: empty
CTBMBLOCK group 0: empty
ANAPUMP group 0: empty
</CYPRESSTAG>
<CYPRESSTAG name="Port Configuration Details">

------------------------------------------------------------
Port Configuration report
------------------------------------------------------------
     |     |       | Interrupt |                  |                | 
Port | Pin | Fixed |      Type |       Drive Mode |           Name | Connections
-----+-----+-------+-----------+------------------+----------------+-----------------------------
   2 |   0 |     * |      NONE |      HI_Z_ANALOG | ProbeSignal(0) | In(__ONE__), Analog(Net_581)
     |   1 |     * |      NONE |      HI_Z_ANALOG |    ProbeGND(0) | Analog(\ADC:Net_124\)
     |   2 |     * |      NONE |         CMOS_OUT |   GREEN_LED(0) | 
     |   3 |     * |      NONE |         CMOS_OUT |     RED_LED(0) | 
     |   7 |     * |      NONE |    RES_PULL_DOWN |        CALI(0) | FB(Net_921)
-------------------------------------------------------------------------------------------------
</CYPRESSTAG>
</CYPRESSTAG>
</CYPRESSTAG>
Digital component placer commit/Report: Elapsed time ==> 0s.003ms
Digital Placement phase: Elapsed time ==> 1s.078ms
</CYPRESSTAG>
<CYPRESSTAG name="Digital Routing">
Routing successful.
Digital Routing phase: Elapsed time ==> 1s.013ms
</CYPRESSTAG>
<CYPRESSTAG name="Bitstream and API generation">
Bitstream and API generation phase: Elapsed time ==> 0s.167ms
</CYPRESSTAG>
<CYPRESSTAG name="Bitstream verification">
Bitstream verification phase: Elapsed time ==> 0s.056ms
</CYPRESSTAG>
<CYPRESSTAG name="Static timing analysis">
Timing report is in PHProbe_timing.html.
Static timing analysis phase: Elapsed time ==> 0s.330ms
</CYPRESSTAG>
<CYPRESSTAG name="Data reporting">
Data reporting phase: Elapsed time ==> 2s.752ms
</CYPRESSTAG>
<CYPRESSTAG name="Database update...">
Design database save phase: Elapsed time ==> 0s.323ms
</CYPRESSTAG>
cydsfit: Elapsed time ==> 7s.154ms
</CYPRESSTAG>
Fitter phase: Elapsed time ==> 7s.250ms
API generation phase: Elapsed time ==> 0s.885ms
Dependency generation phase: Elapsed time ==> 0s.014ms
Cleanup phase: Elapsed time ==> 0s.004ms
