ARM GAS  C:\Users\Karsten\AppData\Local\Temp\ccMWKexu.s 			page 1


   1              		.cpu cortex-m0
   2              		.fpu softvfp
   3              		.eabi_attribute 20, 1
   4              		.eabi_attribute 21, 1
   5              		.eabi_attribute 23, 3
   6              		.eabi_attribute 24, 1
   7              		.eabi_attribute 25, 1
   8              		.eabi_attribute 26, 1
   9              		.eabi_attribute 30, 6
  10              		.eabi_attribute 34, 0
  11              		.eabi_attribute 18, 4
  12              		.code	16
  13              		.file	"EEPROM.c"
  14              		.text
  15              	.Ltext0:
  16              		.cfi_sections	.debug_frame
  17              		.section	.text.EEPROM_Start,"ax",%progbits
  18              		.align	2
  19              		.global	EEPROM_Start
  20              		.code	16
  21              		.thumb_func
  22              		.type	EEPROM_Start, %function
  23              	EEPROM_Start:
  24              	.LFB0:
  25              		.file 1 ".\\Generated_Source\\PSoC4\\EEPROM.c"
   1:.\Generated_Source\PSoC4/EEPROM.c **** /*******************************************************************************
   2:.\Generated_Source\PSoC4/EEPROM.c **** * File Name: EEPROM.c
   3:.\Generated_Source\PSoC4/EEPROM.c **** * Version 1.10
   4:.\Generated_Source\PSoC4/EEPROM.c **** *
   5:.\Generated_Source\PSoC4/EEPROM.c **** * Description:
   6:.\Generated_Source\PSoC4/EEPROM.c **** *  This file provides the source code to API for the Emulated EEPROM Component.
   7:.\Generated_Source\PSoC4/EEPROM.c **** *
   8:.\Generated_Source\PSoC4/EEPROM.c **** ********************************************************************************
   9:.\Generated_Source\PSoC4/EEPROM.c **** * Copyright 2013, Cypress Semiconductor Corporation.  All rights reserved.
  10:.\Generated_Source\PSoC4/EEPROM.c **** * You may use this file only in accordance with the license, terms, conditions,
  11:.\Generated_Source\PSoC4/EEPROM.c **** * disclaimers, and limitations in the end user license agreement accompanying
  12:.\Generated_Source\PSoC4/EEPROM.c **** * the software package with which this file was provided.
  13:.\Generated_Source\PSoC4/EEPROM.c **** *******************************************************************************/
  14:.\Generated_Source\PSoC4/EEPROM.c **** 
  15:.\Generated_Source\PSoC4/EEPROM.c **** #include "EEPROM.h"
  16:.\Generated_Source\PSoC4/EEPROM.c **** 
  17:.\Generated_Source\PSoC4/EEPROM.c **** 
  18:.\Generated_Source\PSoC4/EEPROM.c **** /*******************************************************************************
  19:.\Generated_Source\PSoC4/EEPROM.c **** * Function Name: EEPROM_Start
  20:.\Generated_Source\PSoC4/EEPROM.c **** ********************************************************************************
  21:.\Generated_Source\PSoC4/EEPROM.c **** *
  22:.\Generated_Source\PSoC4/EEPROM.c **** * Summary:
  23:.\Generated_Source\PSoC4/EEPROM.c **** *  Empty function. Included for consistency with other
  24:.\Generated_Source\PSoC4/EEPROM.c **** *  components.
  25:.\Generated_Source\PSoC4/EEPROM.c **** *
  26:.\Generated_Source\PSoC4/EEPROM.c **** * Parameters:
  27:.\Generated_Source\PSoC4/EEPROM.c **** *  None
  28:.\Generated_Source\PSoC4/EEPROM.c **** *
  29:.\Generated_Source\PSoC4/EEPROM.c **** * Return:
  30:.\Generated_Source\PSoC4/EEPROM.c **** *  None
  31:.\Generated_Source\PSoC4/EEPROM.c **** *
  32:.\Generated_Source\PSoC4/EEPROM.c **** *******************************************************************************/
ARM GAS  C:\Users\Karsten\AppData\Local\Temp\ccMWKexu.s 			page 2


  33:.\Generated_Source\PSoC4/EEPROM.c **** void EEPROM_Start(void) 
  34:.\Generated_Source\PSoC4/EEPROM.c **** {
  26              		.loc 1 34 0
  27              		.cfi_startproc
  28 0000 80B5     		push	{r7, lr}
  29              		.cfi_def_cfa_offset 8
  30              		.cfi_offset 7, -8
  31              		.cfi_offset 14, -4
  32 0002 00AF     		add	r7, sp, #0
  33              		.cfi_def_cfa_register 7
  35:.\Generated_Source\PSoC4/EEPROM.c **** 
  36:.\Generated_Source\PSoC4/EEPROM.c **** }
  34              		.loc 1 36 0
  35 0004 BD46     		mov	sp, r7
  36              		@ sp needed
  37 0006 80BD     		pop	{r7, pc}
  38              		.cfi_endproc
  39              	.LFE0:
  40              		.size	EEPROM_Start, .-EEPROM_Start
  41              		.section	.text.EEPROM_Stop,"ax",%progbits
  42              		.align	2
  43              		.global	EEPROM_Stop
  44              		.code	16
  45              		.thumb_func
  46              		.type	EEPROM_Stop, %function
  47              	EEPROM_Stop:
  48              	.LFB1:
  37:.\Generated_Source\PSoC4/EEPROM.c **** 
  38:.\Generated_Source\PSoC4/EEPROM.c **** 
  39:.\Generated_Source\PSoC4/EEPROM.c **** /*******************************************************************************
  40:.\Generated_Source\PSoC4/EEPROM.c **** * Function Name: EEPROM_Stop
  41:.\Generated_Source\PSoC4/EEPROM.c **** ********************************************************************************
  42:.\Generated_Source\PSoC4/EEPROM.c **** *
  43:.\Generated_Source\PSoC4/EEPROM.c **** * Summary:
  44:.\Generated_Source\PSoC4/EEPROM.c **** *  Empty function. Included for consistency with other
  45:.\Generated_Source\PSoC4/EEPROM.c **** *  components.
  46:.\Generated_Source\PSoC4/EEPROM.c **** *
  47:.\Generated_Source\PSoC4/EEPROM.c **** * Parameters:
  48:.\Generated_Source\PSoC4/EEPROM.c **** *  None
  49:.\Generated_Source\PSoC4/EEPROM.c **** *
  50:.\Generated_Source\PSoC4/EEPROM.c **** * Return:
  51:.\Generated_Source\PSoC4/EEPROM.c **** *  None
  52:.\Generated_Source\PSoC4/EEPROM.c **** *
  53:.\Generated_Source\PSoC4/EEPROM.c **** *******************************************************************************/
  54:.\Generated_Source\PSoC4/EEPROM.c **** void EEPROM_Stop(void) 
  55:.\Generated_Source\PSoC4/EEPROM.c **** {
  49              		.loc 1 55 0
  50              		.cfi_startproc
  51 0000 80B5     		push	{r7, lr}
  52              		.cfi_def_cfa_offset 8
  53              		.cfi_offset 7, -8
  54              		.cfi_offset 14, -4
  55 0002 00AF     		add	r7, sp, #0
  56              		.cfi_def_cfa_register 7
  56:.\Generated_Source\PSoC4/EEPROM.c **** 
  57:.\Generated_Source\PSoC4/EEPROM.c **** }
  57              		.loc 1 57 0
ARM GAS  C:\Users\Karsten\AppData\Local\Temp\ccMWKexu.s 			page 3


  58 0004 BD46     		mov	sp, r7
  59              		@ sp needed
  60 0006 80BD     		pop	{r7, pc}
  61              		.cfi_endproc
  62              	.LFE1:
  63              		.size	EEPROM_Stop, .-EEPROM_Stop
  64              		.section	.text.EEPROM_Write,"ax",%progbits
  65              		.align	2
  66              		.global	EEPROM_Write
  67              		.code	16
  68              		.thumb_func
  69              		.type	EEPROM_Write, %function
  70              	EEPROM_Write:
  71              	.LFB2:
  58:.\Generated_Source\PSoC4/EEPROM.c **** 
  59:.\Generated_Source\PSoC4/EEPROM.c **** 
  60:.\Generated_Source\PSoC4/EEPROM.c **** /*******************************************************************************
  61:.\Generated_Source\PSoC4/EEPROM.c **** * Function Name: EEPROM_Write
  62:.\Generated_Source\PSoC4/EEPROM.c **** ********************************************************************************
  63:.\Generated_Source\PSoC4/EEPROM.c **** *
  64:.\Generated_Source\PSoC4/EEPROM.c **** * Summary:
  65:.\Generated_Source\PSoC4/EEPROM.c **** *  Writes the specified number of bytes from the source buffer in SRAM to the
  66:.\Generated_Source\PSoC4/EEPROM.c **** *  emulated EEPROM array in flash, without modifying other data in flash.
  67:.\Generated_Source\PSoC4/EEPROM.c **** *
  68:.\Generated_Source\PSoC4/EEPROM.c **** * Parameters:
  69:.\Generated_Source\PSoC4/EEPROM.c **** *  srcBuf:    Pointer to the SRAM buffer holding the data to write.
  70:.\Generated_Source\PSoC4/EEPROM.c **** *  eepromPtr: Pointer to the array or variable in flash representing
  71:.\Generated_Source\PSoC4/EEPROM.c **** *             the emulated EEPROM.
  72:.\Generated_Source\PSoC4/EEPROM.c **** *  byteCount: Number of bytes to write from srcBuf to eepromPtr.
  73:.\Generated_Source\PSoC4/EEPROM.c **** *
  74:.\Generated_Source\PSoC4/EEPROM.c **** * Return:
  75:.\Generated_Source\PSoC4/EEPROM.c **** *    CYRET_SUCCESS     Successful write.
  76:.\Generated_Source\PSoC4/EEPROM.c **** *    CYRET_BAD_PARAM   eepromPtr is out of range of flash memory.
  77:.\Generated_Source\PSoC4/EEPROM.c **** *    CYRET_UNKNOWN     Other error in writing flash.
  78:.\Generated_Source\PSoC4/EEPROM.c **** *
  79:.\Generated_Source\PSoC4/EEPROM.c **** *******************************************************************************/
  80:.\Generated_Source\PSoC4/EEPROM.c **** #if (CY_PSOC3)
  81:.\Generated_Source\PSoC4/EEPROM.c ****     cystatus EEPROM_Write(const uint8 srcBuf[], const uint8 eepromPtr[], uint16 byteCount)
  82:.\Generated_Source\PSoC4/EEPROM.c ****                                                                             
  83:.\Generated_Source\PSoC4/EEPROM.c **** #else
  84:.\Generated_Source\PSoC4/EEPROM.c ****     cystatus EEPROM_Write(const uint8 srcBuf[], const uint8 eepromPtr[], uint32 byteCount)
  85:.\Generated_Source\PSoC4/EEPROM.c **** #endif /* (!CY_PSOC3) */
  86:.\Generated_Source\PSoC4/EEPROM.c **** {
  72              		.loc 1 86 0
  73              		.cfi_startproc
  74 0000 80B5     		push	{r7, lr}
  75              		.cfi_def_cfa_offset 8
  76              		.cfi_offset 7, -8
  77              		.cfi_offset 14, -4
  78 0002 ACB0     		sub	sp, sp, #176
  79              		.cfi_def_cfa_offset 184
  80 0004 00AF     		add	r7, sp, #0
  81              		.cfi_def_cfa_register 7
  82 0006 F860     		str	r0, [r7, #12]
  83 0008 B960     		str	r1, [r7, #8]
  84 000a 7A60     		str	r2, [r7, #4]
  87:.\Generated_Source\PSoC4/EEPROM.c ****     uint8 writeBuffer[CY_FLASH_SIZEOF_ROW];
ARM GAS  C:\Users\Karsten\AppData\Local\Temp\ccMWKexu.s 			page 4


  88:.\Generated_Source\PSoC4/EEPROM.c ****     uint32 arrayId;
  89:.\Generated_Source\PSoC4/EEPROM.c ****     uint32 rowId;
  90:.\Generated_Source\PSoC4/EEPROM.c ****     uint32 dstIndex;
  91:.\Generated_Source\PSoC4/EEPROM.c ****     uint32 srcIndex;
  92:.\Generated_Source\PSoC4/EEPROM.c ****     cystatus rc;
  93:.\Generated_Source\PSoC4/EEPROM.c ****     uint32 eeOffset;
  94:.\Generated_Source\PSoC4/EEPROM.c ****     uint32 byteOffset;
  95:.\Generated_Source\PSoC4/EEPROM.c ****     
  96:.\Generated_Source\PSoC4/EEPROM.c ****     #if (!CY_PSOC4)
  97:.\Generated_Source\PSoC4/EEPROM.c ****         #if (CYDEV_ECC_ENABLE == 0)
  98:.\Generated_Source\PSoC4/EEPROM.c ****             uint8 rowBuffer[CY_FLASH_SIZEOF_ROW + CY_FLASH_SIZEOF_ECC_ROW];
  99:.\Generated_Source\PSoC4/EEPROM.c ****         #endif /* CYDEV_ECC_ENABLE == 0) */
 100:.\Generated_Source\PSoC4/EEPROM.c ****     #endif /* (!CY_PSOC4) */
 101:.\Generated_Source\PSoC4/EEPROM.c **** 
 102:.\Generated_Source\PSoC4/EEPROM.c ****     eeOffset = (uint32)eepromPtr;
  85              		.loc 1 102 0
  86 000c BB68     		ldr	r3, [r7, #8]
  87 000e 9820     		mov	r0, #152
  88 0010 C019     		add	r0, r0, r7
  89 0012 0360     		str	r3, [r0]
 103:.\Generated_Source\PSoC4/EEPROM.c ****     #if (CY_PSOC3)
 104:.\Generated_Source\PSoC4/EEPROM.c ****         eeOffset &= EEPROM_CODE_ADDR_MASK;
 105:.\Generated_Source\PSoC4/EEPROM.c ****     #endif /* (CY_PSOC3) */
 106:.\Generated_Source\PSoC4/EEPROM.c **** 
 107:.\Generated_Source\PSoC4/EEPROM.c ****     /* Make sure, that eepromPtr[] points to ROM */
 108:.\Generated_Source\PSoC4/EEPROM.c ****     #if (CY_PSOC3)
 109:.\Generated_Source\PSoC4/EEPROM.c ****         if (((uint32)eepromPtr >= EEPROM_CODE_ADDR_OFFSET) &&
 110:.\Generated_Source\PSoC4/EEPROM.c ****             (((uint32)eepromPtr + byteCount) <= EEPROM_CODE_ADDR_END))
 111:.\Generated_Source\PSoC4/EEPROM.c ****     #else
 112:.\Generated_Source\PSoC4/EEPROM.c ****         if (((uint32)eepromPtr + byteCount) < EEPROM_FLASH_END_ADDR)
  90              		.loc 1 112 0
  91 0014 BA68     		ldr	r2, [r7, #8]
  92 0016 7B68     		ldr	r3, [r7, #4]
  93 0018 D218     		add	r2, r2, r3
  94 001a 554B     		ldr	r3, .L14
  95 001c 9A42     		cmp	r2, r3
  96 001e 00D9     		bls	.LCB60
  97 0020 8BE0     		b	.L4	@long jump
  98              	.LCB60:
 113:.\Generated_Source\PSoC4/EEPROM.c ****     #endif /* (CY_PSOC3) */
 114:.\Generated_Source\PSoC4/EEPROM.c ****     {
 115:.\Generated_Source\PSoC4/EEPROM.c ****         #if (!CY_PSOC4)
 116:.\Generated_Source\PSoC4/EEPROM.c ****             (void)CySetTemp();
 117:.\Generated_Source\PSoC4/EEPROM.c **** 
 118:.\Generated_Source\PSoC4/EEPROM.c ****             #if(CYDEV_ECC_ENABLE == 0)
 119:.\Generated_Source\PSoC4/EEPROM.c ****                 (void)CySetFlashEEBuffer(rowBuffer);
 120:.\Generated_Source\PSoC4/EEPROM.c ****             #endif
 121:.\Generated_Source\PSoC4/EEPROM.c ****         #endif /* (!CY_PSOC4) */
 122:.\Generated_Source\PSoC4/EEPROM.c **** 
 123:.\Generated_Source\PSoC4/EEPROM.c ****         arrayId = eeOffset / CY_FLASH_SIZEOF_ARRAY;
  99              		.loc 1 123 0
 100 0022 9821     		mov	r1, #152
 101 0024 C919     		add	r1, r1, r7
 102 0026 0B68     		ldr	r3, [r1]
 103 0028 DB0B     		lsr	r3, r3, #15
 104 002a 9422     		mov	r2, #148
 105 002c D219     		add	r2, r2, r7
ARM GAS  C:\Users\Karsten\AppData\Local\Temp\ccMWKexu.s 			page 5


 106 002e 1360     		str	r3, [r2]
 124:.\Generated_Source\PSoC4/EEPROM.c ****         rowId = (eeOffset / CY_FLASH_SIZEOF_ROW) % EEPROM_ROWS_IN_ARRAY;
 107              		.loc 1 124 0
 108 0030 9820     		mov	r0, #152
 109 0032 C019     		add	r0, r0, r7
 110 0034 0368     		ldr	r3, [r0]
 111 0036 DA09     		lsr	r2, r3, #7
 112 0038 FF23     		mov	r3, #255
 113 003a 1340     		and	r3, r2
 114 003c AC21     		mov	r1, #172
 115 003e C919     		add	r1, r1, r7
 116 0040 0B60     		str	r3, [r1]
 125:.\Generated_Source\PSoC4/EEPROM.c ****         byteOffset = (CY_FLASH_SIZEOF_ARRAY * arrayId) + (CY_FLASH_SIZEOF_ROW * rowId);
 117              		.loc 1 125 0
 118 0042 9422     		mov	r2, #148
 119 0044 D219     		add	r2, r2, r7
 120 0046 1368     		ldr	r3, [r2]
 121 0048 1A02     		lsl	r2, r3, #8
 122 004a AC20     		mov	r0, #172
 123 004c C019     		add	r0, r0, r7
 124 004e 0368     		ldr	r3, [r0]
 125 0050 D318     		add	r3, r2, r3
 126 0052 DB01     		lsl	r3, r3, #7
 127 0054 9C21     		mov	r1, #156
 128 0056 C919     		add	r1, r1, r7
 129 0058 0B60     		str	r3, [r1]
 126:.\Generated_Source\PSoC4/EEPROM.c ****         srcIndex = 0u;
 130              		.loc 1 126 0
 131 005a 0023     		mov	r3, #0
 132 005c A422     		mov	r2, #164
 133 005e D219     		add	r2, r2, r7
 134 0060 1360     		str	r3, [r2]
 127:.\Generated_Source\PSoC4/EEPROM.c **** 
 128:.\Generated_Source\PSoC4/EEPROM.c ****         rc = CYRET_SUCCESS;
 135              		.loc 1 128 0
 136 0062 0023     		mov	r3, #0
 137 0064 A020     		mov	r0, #160
 138 0066 C019     		add	r0, r0, r7
 139 0068 0360     		str	r3, [r0]
 129:.\Generated_Source\PSoC4/EEPROM.c **** 
 130:.\Generated_Source\PSoC4/EEPROM.c ****         while ((srcIndex < byteCount) && (CYRET_SUCCESS == rc))
 140              		.loc 1 130 0
 141 006a 5AE0     		b	.L5
 142              	.L11:
 131:.\Generated_Source\PSoC4/EEPROM.c ****         {
 132:.\Generated_Source\PSoC4/EEPROM.c ****             /* Copy data to the write buffer either from the source buffer or from the flash */
 133:.\Generated_Source\PSoC4/EEPROM.c ****             for (dstIndex = 0u; dstIndex < CY_FLASH_SIZEOF_ROW; dstIndex++)
 143              		.loc 1 133 0
 144 006c 0023     		mov	r3, #0
 145 006e A821     		mov	r1, #168
 146 0070 C919     		add	r1, r1, r7
 147 0072 0B60     		str	r3, [r1]
 148 0074 3CE0     		b	.L6
 149              	.L9:
 134:.\Generated_Source\PSoC4/EEPROM.c ****             {
 135:.\Generated_Source\PSoC4/EEPROM.c ****                 if ((byteOffset >= eeOffset) && (srcIndex < byteCount))
 150              		.loc 1 135 0
ARM GAS  C:\Users\Karsten\AppData\Local\Temp\ccMWKexu.s 			page 6


 151 0076 9C23     		mov	r3, #156
 152 0078 DB19     		add	r3, r3, r7
 153 007a 1A68     		ldr	r2, [r3]
 154 007c 9820     		mov	r0, #152
 155 007e C019     		add	r0, r0, r7
 156 0080 0368     		ldr	r3, [r0]
 157 0082 9A42     		cmp	r2, r3
 158 0084 1AD3     		bcc	.L7
 159              		.loc 1 135 0 is_stmt 0 discriminator 1
 160 0086 A421     		mov	r1, #164
 161 0088 C919     		add	r1, r1, r7
 162 008a 0A68     		ldr	r2, [r1]
 163 008c 7B68     		ldr	r3, [r7, #4]
 164 008e 9A42     		cmp	r2, r3
 165 0090 14D2     		bcs	.L7
 136:.\Generated_Source\PSoC4/EEPROM.c ****                 {
 137:.\Generated_Source\PSoC4/EEPROM.c ****                     writeBuffer[dstIndex] = srcBuf[srcIndex];
 166              		.loc 1 137 0 is_stmt 1
 167 0092 FA68     		ldr	r2, [r7, #12]
 168 0094 A420     		mov	r0, #164
 169 0096 C019     		add	r0, r0, r7
 170 0098 0368     		ldr	r3, [r0]
 171 009a D318     		add	r3, r2, r3
 172 009c 1A78     		ldrb	r2, [r3]
 173 009e 391C     		mov	r1, r7
 174 00a0 1431     		add	r1, r1, #20
 175 00a2 A820     		mov	r0, #168
 176 00a4 C019     		add	r0, r0, r7
 177 00a6 0368     		ldr	r3, [r0]
 178 00a8 CB18     		add	r3, r1, r3
 179 00aa 1A70     		strb	r2, [r3]
 138:.\Generated_Source\PSoC4/EEPROM.c ****                     srcIndex++;
 180              		.loc 1 138 0
 181 00ac A421     		mov	r1, #164
 182 00ae C919     		add	r1, r1, r7
 183 00b0 0B68     		ldr	r3, [r1]
 184 00b2 0133     		add	r3, r3, #1
 185 00b4 A422     		mov	r2, #164
 186 00b6 D219     		add	r2, r2, r7
 187 00b8 1360     		str	r3, [r2]
 188 00ba 0BE0     		b	.L8
 189              	.L7:
 139:.\Generated_Source\PSoC4/EEPROM.c ****                 }
 140:.\Generated_Source\PSoC4/EEPROM.c ****                 else
 141:.\Generated_Source\PSoC4/EEPROM.c ****                 {
 142:.\Generated_Source\PSoC4/EEPROM.c ****                     writeBuffer[dstIndex] = CY_GET_XTND_REG8(CYDEV_FLASH_BASE + byteOffset);
 190              		.loc 1 142 0
 191 00bc 9C20     		mov	r0, #156
 192 00be C019     		add	r0, r0, r7
 193 00c0 0368     		ldr	r3, [r0]
 194 00c2 1B78     		ldrb	r3, [r3]
 195 00c4 DAB2     		uxtb	r2, r3
 196 00c6 391C     		mov	r1, r7
 197 00c8 1431     		add	r1, r1, #20
 198 00ca A820     		mov	r0, #168
 199 00cc C019     		add	r0, r0, r7
 200 00ce 0368     		ldr	r3, [r0]
ARM GAS  C:\Users\Karsten\AppData\Local\Temp\ccMWKexu.s 			page 7


 201 00d0 CB18     		add	r3, r1, r3
 202 00d2 1A70     		strb	r2, [r3]
 203              	.L8:
 143:.\Generated_Source\PSoC4/EEPROM.c ****                 }
 144:.\Generated_Source\PSoC4/EEPROM.c ****                 byteOffset++;
 204              		.loc 1 144 0
 205 00d4 9C21     		mov	r1, #156
 206 00d6 C919     		add	r1, r1, r7
 207 00d8 0B68     		ldr	r3, [r1]
 208 00da 0133     		add	r3, r3, #1
 209 00dc 9C22     		mov	r2, #156
 210 00de D219     		add	r2, r2, r7
 211 00e0 1360     		str	r3, [r2]
 133:.\Generated_Source\PSoC4/EEPROM.c ****             for (dstIndex = 0u; dstIndex < CY_FLASH_SIZEOF_ROW; dstIndex++)
 212              		.loc 1 133 0
 213 00e2 A820     		mov	r0, #168
 214 00e4 C019     		add	r0, r0, r7
 215 00e6 0368     		ldr	r3, [r0]
 216 00e8 0133     		add	r3, r3, #1
 217 00ea A821     		mov	r1, #168
 218 00ec C919     		add	r1, r1, r7
 219 00ee 0B60     		str	r3, [r1]
 220              	.L6:
 133:.\Generated_Source\PSoC4/EEPROM.c ****             for (dstIndex = 0u; dstIndex < CY_FLASH_SIZEOF_ROW; dstIndex++)
 221              		.loc 1 133 0 is_stmt 0 discriminator 1
 222 00f0 A822     		mov	r2, #168
 223 00f2 D219     		add	r2, r2, r7
 224 00f4 1368     		ldr	r3, [r2]
 225 00f6 7F2B     		cmp	r3, #127
 226 00f8 BDD9     		bls	.L9
 145:.\Generated_Source\PSoC4/EEPROM.c ****             }
 146:.\Generated_Source\PSoC4/EEPROM.c **** 
 147:.\Generated_Source\PSoC4/EEPROM.c ****             /* Write flash row */
 148:.\Generated_Source\PSoC4/EEPROM.c ****             #if (CY_PSOC4)
 149:.\Generated_Source\PSoC4/EEPROM.c ****                 rc = CySysFlashWriteRow(rowId, writeBuffer);
 227              		.loc 1 149 0 is_stmt 1
 228 00fa AC23     		mov	r3, #172
 229 00fc DB19     		add	r3, r3, r7
 230 00fe 1A68     		ldr	r2, [r3]
 231 0100 3B1C     		mov	r3, r7
 232 0102 1433     		add	r3, r3, #20
 233 0104 101C     		mov	r0, r2
 234 0106 191C     		mov	r1, r3
 235 0108 FFF7FEFF 		bl	CySysFlashWriteRow
 236 010c 031C     		mov	r3, r0
 237 010e A020     		mov	r0, #160
 238 0110 C019     		add	r0, r0, r7
 239 0112 0360     		str	r3, [r0]
 150:.\Generated_Source\PSoC4/EEPROM.c ****             #else
 151:.\Generated_Source\PSoC4/EEPROM.c ****                 rc = CyWriteRowData((uint8)arrayId, (uint16)rowId, writeBuffer);
 152:.\Generated_Source\PSoC4/EEPROM.c ****             #endif /* (CY_PSOC4) */
 153:.\Generated_Source\PSoC4/EEPROM.c **** 
 154:.\Generated_Source\PSoC4/EEPROM.c ****             /* Go to the next row */
 155:.\Generated_Source\PSoC4/EEPROM.c ****             rowId++;
 240              		.loc 1 155 0
 241 0114 AC21     		mov	r1, #172
 242 0116 C919     		add	r1, r1, r7
ARM GAS  C:\Users\Karsten\AppData\Local\Temp\ccMWKexu.s 			page 8


 243 0118 0B68     		ldr	r3, [r1]
 244 011a 0133     		add	r3, r3, #1
 245 011c AC22     		mov	r2, #172
 246 011e D219     		add	r2, r2, r7
 247 0120 1360     		str	r3, [r2]
 248              	.L5:
 130:.\Generated_Source\PSoC4/EEPROM.c ****         while ((srcIndex < byteCount) && (CYRET_SUCCESS == rc))
 249              		.loc 1 130 0 discriminator 1
 250 0122 A423     		mov	r3, #164
 251 0124 DB19     		add	r3, r3, r7
 252 0126 1A68     		ldr	r2, [r3]
 253 0128 7B68     		ldr	r3, [r7, #4]
 254 012a 9A42     		cmp	r2, r3
 255 012c 09D2     		bcs	.L10
 130:.\Generated_Source\PSoC4/EEPROM.c ****         while ((srcIndex < byteCount) && (CYRET_SUCCESS == rc))
 256              		.loc 1 130 0 is_stmt 0 discriminator 2
 257 012e A020     		mov	r0, #160
 258 0130 C019     		add	r0, r0, r7
 259 0132 0368     		ldr	r3, [r0]
 260 0134 002B     		cmp	r3, #0
 261 0136 99D0     		beq	.L11
 262 0138 03E0     		b	.L10
 263              	.L4:
 156:.\Generated_Source\PSoC4/EEPROM.c ****             #if (CY_FLASH_NUMBER_ARRAYS > 1)
 157:.\Generated_Source\PSoC4/EEPROM.c ****                 if (rowId >= EEPROM_ROWS_IN_ARRAY)
 158:.\Generated_Source\PSoC4/EEPROM.c ****                 {
 159:.\Generated_Source\PSoC4/EEPROM.c ****                     arrayId++;
 160:.\Generated_Source\PSoC4/EEPROM.c ****                     rowId = 0u;
 161:.\Generated_Source\PSoC4/EEPROM.c ****                 }
 162:.\Generated_Source\PSoC4/EEPROM.c ****             #endif /* (CY_FLASH_NUMBER_ARRAYS > 1) */
 163:.\Generated_Source\PSoC4/EEPROM.c ****         }
 164:.\Generated_Source\PSoC4/EEPROM.c **** 
 165:.\Generated_Source\PSoC4/EEPROM.c ****         /* Flush both Cache and PHUB prefetch buffer */
 166:.\Generated_Source\PSoC4/EEPROM.c ****         #if (CY_PSOC5)
 167:.\Generated_Source\PSoC4/EEPROM.c ****             CyFlushCache();
 168:.\Generated_Source\PSoC4/EEPROM.c ****         #elif (CY_PSOC3)
 169:.\Generated_Source\PSoC4/EEPROM.c ****             CY_FLASH_CONTROL_REG |= 6u;
 170:.\Generated_Source\PSoC4/EEPROM.c ****         #endif /* (CY_PSOC5) */
 171:.\Generated_Source\PSoC4/EEPROM.c ****     }
 172:.\Generated_Source\PSoC4/EEPROM.c ****     else
 173:.\Generated_Source\PSoC4/EEPROM.c ****     {
 174:.\Generated_Source\PSoC4/EEPROM.c ****         rc = CYRET_BAD_PARAM;
 264              		.loc 1 174 0 is_stmt 1
 265 013a 0123     		mov	r3, #1
 266 013c A021     		mov	r1, #160
 267 013e C919     		add	r1, r1, r7
 268 0140 0B60     		str	r3, [r1]
 269              	.L10:
 175:.\Generated_Source\PSoC4/EEPROM.c ****     }
 176:.\Generated_Source\PSoC4/EEPROM.c **** 
 177:.\Generated_Source\PSoC4/EEPROM.c ****     /* Mask return codes from flash, if they are not supported */
 178:.\Generated_Source\PSoC4/EEPROM.c ****     if ((CYRET_SUCCESS != rc) && (CYRET_BAD_PARAM != rc))
 270              		.loc 1 178 0
 271 0142 A022     		mov	r2, #160
 272 0144 D219     		add	r2, r2, r7
 273 0146 1368     		ldr	r3, [r2]
 274 0148 002B     		cmp	r3, #0
ARM GAS  C:\Users\Karsten\AppData\Local\Temp\ccMWKexu.s 			page 9


 275 014a 09D0     		beq	.L12
 276              		.loc 1 178 0 is_stmt 0 discriminator 1
 277 014c A020     		mov	r0, #160
 278 014e C019     		add	r0, r0, r7
 279 0150 0368     		ldr	r3, [r0]
 280 0152 012B     		cmp	r3, #1
 281 0154 04D0     		beq	.L12
 179:.\Generated_Source\PSoC4/EEPROM.c ****     {
 180:.\Generated_Source\PSoC4/EEPROM.c ****         rc = CYRET_UNKNOWN;
 282              		.loc 1 180 0 is_stmt 1
 283 0156 0123     		mov	r3, #1
 284 0158 5B42     		neg	r3, r3
 285 015a A021     		mov	r1, #160
 286 015c C919     		add	r1, r1, r7
 287 015e 0B60     		str	r3, [r1]
 288              	.L12:
 181:.\Generated_Source\PSoC4/EEPROM.c ****     }
 182:.\Generated_Source\PSoC4/EEPROM.c ****     
 183:.\Generated_Source\PSoC4/EEPROM.c ****     return (rc);
 289              		.loc 1 183 0
 290 0160 A022     		mov	r2, #160
 291 0162 D219     		add	r2, r2, r7
 292 0164 1368     		ldr	r3, [r2]
 184:.\Generated_Source\PSoC4/EEPROM.c **** }
 293              		.loc 1 184 0
 294 0166 181C     		mov	r0, r3
 295 0168 BD46     		mov	sp, r7
 296 016a 2CB0     		add	sp, sp, #176
 297              		@ sp needed
 298 016c 80BD     		pop	{r7, pc}
 299              	.L15:
 300 016e C046     		.align	2
 301              	.L14:
 302 0170 FF7F0000 		.word	32767
 303              		.cfi_endproc
 304              	.LFE2:
 305              		.size	EEPROM_Write, .-EEPROM_Write
 306              		.text
 307              	.Letext0:
 308              		.file 2 ".\\Generated_Source\\PSoC4\\cytypes.h"
 309              		.section	.debug_info,"",%progbits
 310              	.Ldebug_info0:
 311 0000 A7010000 		.4byte	0x1a7
 312 0004 0400     		.2byte	0x4
 313 0006 00000000 		.4byte	.Ldebug_abbrev0
 314 000a 04       		.byte	0x4
 315 000b 01       		.uleb128 0x1
 316 000c 40000000 		.4byte	.LASF29
 317 0010 01       		.byte	0x1
 318 0011 91010000 		.4byte	.LASF30
 319 0015 BC000000 		.4byte	.LASF31
 320 0019 00000000 		.4byte	.Ldebug_ranges0+0
 321 001d 00000000 		.4byte	0
 322 0021 00000000 		.4byte	.Ldebug_line0
 323 0025 02       		.uleb128 0x2
 324 0026 01       		.byte	0x1
 325 0027 06       		.byte	0x6
ARM GAS  C:\Users\Karsten\AppData\Local\Temp\ccMWKexu.s 			page 10


 326 0028 14020000 		.4byte	.LASF0
 327 002c 02       		.uleb128 0x2
 328 002d 01       		.byte	0x1
 329 002e 08       		.byte	0x8
 330 002f 03010000 		.4byte	.LASF1
 331 0033 02       		.uleb128 0x2
 332 0034 02       		.byte	0x2
 333 0035 05       		.byte	0x5
 334 0036 EB010000 		.4byte	.LASF2
 335 003a 02       		.uleb128 0x2
 336 003b 02       		.byte	0x2
 337 003c 07       		.byte	0x7
 338 003d 13000000 		.4byte	.LASF3
 339 0041 02       		.uleb128 0x2
 340 0042 04       		.byte	0x4
 341 0043 05       		.byte	0x5
 342 0044 02020000 		.4byte	.LASF4
 343 0048 02       		.uleb128 0x2
 344 0049 04       		.byte	0x4
 345 004a 07       		.byte	0x7
 346 004b 16010000 		.4byte	.LASF5
 347 004f 02       		.uleb128 0x2
 348 0050 08       		.byte	0x8
 349 0051 05       		.byte	0x5
 350 0052 C2010000 		.4byte	.LASF6
 351 0056 02       		.uleb128 0x2
 352 0057 08       		.byte	0x8
 353 0058 07       		.byte	0x7
 354 0059 7A010000 		.4byte	.LASF7
 355 005d 03       		.uleb128 0x3
 356 005e 04       		.byte	0x4
 357 005f 05       		.byte	0x5
 358 0060 696E7400 		.ascii	"int\000"
 359 0064 02       		.uleb128 0x2
 360 0065 04       		.byte	0x4
 361 0066 07       		.byte	0x7
 362 0067 60010000 		.4byte	.LASF8
 363 006b 04       		.uleb128 0x4
 364 006c 28010000 		.4byte	.LASF9
 365 0070 02       		.byte	0x2
 366 0071 A1       		.byte	0xa1
 367 0072 2C000000 		.4byte	0x2c
 368 0076 04       		.uleb128 0x4
 369 0077 59010000 		.4byte	.LASF10
 370 007b 02       		.byte	0x2
 371 007c A3       		.byte	0xa3
 372 007d 48000000 		.4byte	0x48
 373 0081 02       		.uleb128 0x2
 374 0082 04       		.byte	0x4
 375 0083 04       		.byte	0x4
 376 0084 3A000000 		.4byte	.LASF11
 377 0088 02       		.uleb128 0x2
 378 0089 08       		.byte	0x8
 379 008a 04       		.byte	0x4
 380 008b 49010000 		.4byte	.LASF12
 381 008f 02       		.uleb128 0x2
 382 0090 01       		.byte	0x1
ARM GAS  C:\Users\Karsten\AppData\Local\Temp\ccMWKexu.s 			page 11


 383 0091 08       		.byte	0x8
 384 0092 D0010000 		.4byte	.LASF13
 385 0096 05       		.uleb128 0x5
 386 0097 50010000 		.4byte	.LASF14
 387 009b 02       		.byte	0x2
 388 009c 4301     		.2byte	0x143
 389 009e 48000000 		.4byte	0x48
 390 00a2 05       		.uleb128 0x5
 391 00a3 11010000 		.4byte	.LASF15
 392 00a7 02       		.byte	0x2
 393 00a8 4B01     		.2byte	0x14b
 394 00aa AE000000 		.4byte	0xae
 395 00ae 06       		.uleb128 0x6
 396 00af 6B000000 		.4byte	0x6b
 397 00b3 02       		.uleb128 0x2
 398 00b4 04       		.byte	0x4
 399 00b5 07       		.byte	0x7
 400 00b6 B9010000 		.4byte	.LASF16
 401 00ba 07       		.uleb128 0x7
 402 00bb 6D010000 		.4byte	.LASF17
 403 00bf 01       		.byte	0x1
 404 00c0 21       		.byte	0x21
 405 00c1 00000000 		.4byte	.LFB0
 406 00c5 08000000 		.4byte	.LFE0-.LFB0
 407 00c9 01       		.uleb128 0x1
 408 00ca 9C       		.byte	0x9c
 409 00cb 07       		.uleb128 0x7
 410 00cc D5010000 		.4byte	.LASF18
 411 00d0 01       		.byte	0x1
 412 00d1 36       		.byte	0x36
 413 00d2 00000000 		.4byte	.LFB1
 414 00d6 08000000 		.4byte	.LFE1-.LFB1
 415 00da 01       		.uleb128 0x1
 416 00db 9C       		.byte	0x9c
 417 00dc 08       		.uleb128 0x8
 418 00dd F5010000 		.4byte	.LASF32
 419 00e1 01       		.byte	0x1
 420 00e2 54       		.byte	0x54
 421 00e3 96000000 		.4byte	0x96
 422 00e7 00000000 		.4byte	.LFB2
 423 00eb 74010000 		.4byte	.LFE2-.LFB2
 424 00ef 01       		.uleb128 0x1
 425 00f0 9C       		.byte	0x9c
 426 00f1 93010000 		.4byte	0x193
 427 00f5 09       		.uleb128 0x9
 428 00f6 0C000000 		.4byte	.LASF19
 429 00fa 01       		.byte	0x1
 430 00fb 54       		.byte	0x54
 431 00fc 93010000 		.4byte	0x193
 432 0100 03       		.uleb128 0x3
 433 0101 91       		.byte	0x91
 434 0102 D47E     		.sleb128 -172
 435 0104 09       		.uleb128 0x9
 436 0105 E1010000 		.4byte	.LASF20
 437 0109 01       		.byte	0x1
 438 010a 54       		.byte	0x54
 439 010b 93010000 		.4byte	0x193
ARM GAS  C:\Users\Karsten\AppData\Local\Temp\ccMWKexu.s 			page 12


 440 010f 03       		.uleb128 0x3
 441 0110 91       		.byte	0x91
 442 0111 D07E     		.sleb128 -176
 443 0113 09       		.uleb128 0x9
 444 0114 36010000 		.4byte	.LASF21
 445 0118 01       		.byte	0x1
 446 0119 54       		.byte	0x54
 447 011a 76000000 		.4byte	0x76
 448 011e 03       		.uleb128 0x3
 449 011f 91       		.byte	0x91
 450 0120 CC7E     		.sleb128 -180
 451 0122 0A       		.uleb128 0xa
 452 0123 00000000 		.4byte	.LASF22
 453 0127 01       		.byte	0x1
 454 0128 57       		.byte	0x57
 455 0129 9E010000 		.4byte	0x19e
 456 012d 03       		.uleb128 0x3
 457 012e 91       		.byte	0x91
 458 012f DC7E     		.sleb128 -164
 459 0131 0A       		.uleb128 0xa
 460 0132 2E010000 		.4byte	.LASF23
 461 0136 01       		.byte	0x1
 462 0137 58       		.byte	0x58
 463 0138 76000000 		.4byte	0x76
 464 013c 02       		.uleb128 0x2
 465 013d 91       		.byte	0x91
 466 013e 5C       		.sleb128 -36
 467 013f 0A       		.uleb128 0xa
 468 0140 B3010000 		.4byte	.LASF24
 469 0144 01       		.byte	0x1
 470 0145 59       		.byte	0x59
 471 0146 76000000 		.4byte	0x76
 472 014a 02       		.uleb128 0x2
 473 014b 91       		.byte	0x91
 474 014c 74       		.sleb128 -12
 475 014d 0A       		.uleb128 0xa
 476 014e 40010000 		.4byte	.LASF25
 477 0152 01       		.byte	0x1
 478 0153 5A       		.byte	0x5a
 479 0154 76000000 		.4byte	0x76
 480 0158 02       		.uleb128 0x2
 481 0159 91       		.byte	0x91
 482 015a 70       		.sleb128 -16
 483 015b 0A       		.uleb128 0xa
 484 015c 26000000 		.4byte	.LASF26
 485 0160 01       		.byte	0x1
 486 0161 5B       		.byte	0x5b
 487 0162 76000000 		.4byte	0x76
 488 0166 02       		.uleb128 0x2
 489 0167 91       		.byte	0x91
 490 0168 6C       		.sleb128 -20
 491 0169 0B       		.uleb128 0xb
 492 016a 726300   		.ascii	"rc\000"
 493 016d 01       		.byte	0x1
 494 016e 5C       		.byte	0x5c
 495 016f 96000000 		.4byte	0x96
 496 0173 02       		.uleb128 0x2
ARM GAS  C:\Users\Karsten\AppData\Local\Temp\ccMWKexu.s 			page 13


 497 0174 91       		.byte	0x91
 498 0175 68       		.sleb128 -24
 499 0176 0A       		.uleb128 0xa
 500 0177 0B020000 		.4byte	.LASF27
 501 017b 01       		.byte	0x1
 502 017c 5D       		.byte	0x5d
 503 017d 76000000 		.4byte	0x76
 504 0181 02       		.uleb128 0x2
 505 0182 91       		.byte	0x91
 506 0183 60       		.sleb128 -32
 507 0184 0A       		.uleb128 0xa
 508 0185 2F000000 		.4byte	.LASF28
 509 0189 01       		.byte	0x1
 510 018a 5E       		.byte	0x5e
 511 018b 76000000 		.4byte	0x76
 512 018f 02       		.uleb128 0x2
 513 0190 91       		.byte	0x91
 514 0191 64       		.sleb128 -28
 515 0192 00       		.byte	0
 516 0193 0C       		.uleb128 0xc
 517 0194 04       		.byte	0x4
 518 0195 99010000 		.4byte	0x199
 519 0199 0D       		.uleb128 0xd
 520 019a 6B000000 		.4byte	0x6b
 521 019e 0E       		.uleb128 0xe
 522 019f 6B000000 		.4byte	0x6b
 523 01a3 0F       		.uleb128 0xf
 524 01a4 B3000000 		.4byte	0xb3
 525 01a8 7F       		.byte	0x7f
 526 01a9 00       		.byte	0
 527 01aa 00       		.byte	0
 528              		.section	.debug_abbrev,"",%progbits
 529              	.Ldebug_abbrev0:
 530 0000 01       		.uleb128 0x1
 531 0001 11       		.uleb128 0x11
 532 0002 01       		.byte	0x1
 533 0003 25       		.uleb128 0x25
 534 0004 0E       		.uleb128 0xe
 535 0005 13       		.uleb128 0x13
 536 0006 0B       		.uleb128 0xb
 537 0007 03       		.uleb128 0x3
 538 0008 0E       		.uleb128 0xe
 539 0009 1B       		.uleb128 0x1b
 540 000a 0E       		.uleb128 0xe
 541 000b 55       		.uleb128 0x55
 542 000c 17       		.uleb128 0x17
 543 000d 11       		.uleb128 0x11
 544 000e 01       		.uleb128 0x1
 545 000f 10       		.uleb128 0x10
 546 0010 17       		.uleb128 0x17
 547 0011 00       		.byte	0
 548 0012 00       		.byte	0
 549 0013 02       		.uleb128 0x2
 550 0014 24       		.uleb128 0x24
 551 0015 00       		.byte	0
 552 0016 0B       		.uleb128 0xb
 553 0017 0B       		.uleb128 0xb
ARM GAS  C:\Users\Karsten\AppData\Local\Temp\ccMWKexu.s 			page 14


 554 0018 3E       		.uleb128 0x3e
 555 0019 0B       		.uleb128 0xb
 556 001a 03       		.uleb128 0x3
 557 001b 0E       		.uleb128 0xe
 558 001c 00       		.byte	0
 559 001d 00       		.byte	0
 560 001e 03       		.uleb128 0x3
 561 001f 24       		.uleb128 0x24
 562 0020 00       		.byte	0
 563 0021 0B       		.uleb128 0xb
 564 0022 0B       		.uleb128 0xb
 565 0023 3E       		.uleb128 0x3e
 566 0024 0B       		.uleb128 0xb
 567 0025 03       		.uleb128 0x3
 568 0026 08       		.uleb128 0x8
 569 0027 00       		.byte	0
 570 0028 00       		.byte	0
 571 0029 04       		.uleb128 0x4
 572 002a 16       		.uleb128 0x16
 573 002b 00       		.byte	0
 574 002c 03       		.uleb128 0x3
 575 002d 0E       		.uleb128 0xe
 576 002e 3A       		.uleb128 0x3a
 577 002f 0B       		.uleb128 0xb
 578 0030 3B       		.uleb128 0x3b
 579 0031 0B       		.uleb128 0xb
 580 0032 49       		.uleb128 0x49
 581 0033 13       		.uleb128 0x13
 582 0034 00       		.byte	0
 583 0035 00       		.byte	0
 584 0036 05       		.uleb128 0x5
 585 0037 16       		.uleb128 0x16
 586 0038 00       		.byte	0
 587 0039 03       		.uleb128 0x3
 588 003a 0E       		.uleb128 0xe
 589 003b 3A       		.uleb128 0x3a
 590 003c 0B       		.uleb128 0xb
 591 003d 3B       		.uleb128 0x3b
 592 003e 05       		.uleb128 0x5
 593 003f 49       		.uleb128 0x49
 594 0040 13       		.uleb128 0x13
 595 0041 00       		.byte	0
 596 0042 00       		.byte	0
 597 0043 06       		.uleb128 0x6
 598 0044 35       		.uleb128 0x35
 599 0045 00       		.byte	0
 600 0046 49       		.uleb128 0x49
 601 0047 13       		.uleb128 0x13
 602 0048 00       		.byte	0
 603 0049 00       		.byte	0
 604 004a 07       		.uleb128 0x7
 605 004b 2E       		.uleb128 0x2e
 606 004c 00       		.byte	0
 607 004d 3F       		.uleb128 0x3f
 608 004e 19       		.uleb128 0x19
 609 004f 03       		.uleb128 0x3
 610 0050 0E       		.uleb128 0xe
ARM GAS  C:\Users\Karsten\AppData\Local\Temp\ccMWKexu.s 			page 15


 611 0051 3A       		.uleb128 0x3a
 612 0052 0B       		.uleb128 0xb
 613 0053 3B       		.uleb128 0x3b
 614 0054 0B       		.uleb128 0xb
 615 0055 27       		.uleb128 0x27
 616 0056 19       		.uleb128 0x19
 617 0057 11       		.uleb128 0x11
 618 0058 01       		.uleb128 0x1
 619 0059 12       		.uleb128 0x12
 620 005a 06       		.uleb128 0x6
 621 005b 40       		.uleb128 0x40
 622 005c 18       		.uleb128 0x18
 623 005d 9742     		.uleb128 0x2117
 624 005f 19       		.uleb128 0x19
 625 0060 00       		.byte	0
 626 0061 00       		.byte	0
 627 0062 08       		.uleb128 0x8
 628 0063 2E       		.uleb128 0x2e
 629 0064 01       		.byte	0x1
 630 0065 3F       		.uleb128 0x3f
 631 0066 19       		.uleb128 0x19
 632 0067 03       		.uleb128 0x3
 633 0068 0E       		.uleb128 0xe
 634 0069 3A       		.uleb128 0x3a
 635 006a 0B       		.uleb128 0xb
 636 006b 3B       		.uleb128 0x3b
 637 006c 0B       		.uleb128 0xb
 638 006d 27       		.uleb128 0x27
 639 006e 19       		.uleb128 0x19
 640 006f 49       		.uleb128 0x49
 641 0070 13       		.uleb128 0x13
 642 0071 11       		.uleb128 0x11
 643 0072 01       		.uleb128 0x1
 644 0073 12       		.uleb128 0x12
 645 0074 06       		.uleb128 0x6
 646 0075 40       		.uleb128 0x40
 647 0076 18       		.uleb128 0x18
 648 0077 9642     		.uleb128 0x2116
 649 0079 19       		.uleb128 0x19
 650 007a 01       		.uleb128 0x1
 651 007b 13       		.uleb128 0x13
 652 007c 00       		.byte	0
 653 007d 00       		.byte	0
 654 007e 09       		.uleb128 0x9
 655 007f 05       		.uleb128 0x5
 656 0080 00       		.byte	0
 657 0081 03       		.uleb128 0x3
 658 0082 0E       		.uleb128 0xe
 659 0083 3A       		.uleb128 0x3a
 660 0084 0B       		.uleb128 0xb
 661 0085 3B       		.uleb128 0x3b
 662 0086 0B       		.uleb128 0xb
 663 0087 49       		.uleb128 0x49
 664 0088 13       		.uleb128 0x13
 665 0089 02       		.uleb128 0x2
 666 008a 18       		.uleb128 0x18
 667 008b 00       		.byte	0
ARM GAS  C:\Users\Karsten\AppData\Local\Temp\ccMWKexu.s 			page 16


 668 008c 00       		.byte	0
 669 008d 0A       		.uleb128 0xa
 670 008e 34       		.uleb128 0x34
 671 008f 00       		.byte	0
 672 0090 03       		.uleb128 0x3
 673 0091 0E       		.uleb128 0xe
 674 0092 3A       		.uleb128 0x3a
 675 0093 0B       		.uleb128 0xb
 676 0094 3B       		.uleb128 0x3b
 677 0095 0B       		.uleb128 0xb
 678 0096 49       		.uleb128 0x49
 679 0097 13       		.uleb128 0x13
 680 0098 02       		.uleb128 0x2
 681 0099 18       		.uleb128 0x18
 682 009a 00       		.byte	0
 683 009b 00       		.byte	0
 684 009c 0B       		.uleb128 0xb
 685 009d 34       		.uleb128 0x34
 686 009e 00       		.byte	0
 687 009f 03       		.uleb128 0x3
 688 00a0 08       		.uleb128 0x8
 689 00a1 3A       		.uleb128 0x3a
 690 00a2 0B       		.uleb128 0xb
 691 00a3 3B       		.uleb128 0x3b
 692 00a4 0B       		.uleb128 0xb
 693 00a5 49       		.uleb128 0x49
 694 00a6 13       		.uleb128 0x13
 695 00a7 02       		.uleb128 0x2
 696 00a8 18       		.uleb128 0x18
 697 00a9 00       		.byte	0
 698 00aa 00       		.byte	0
 699 00ab 0C       		.uleb128 0xc
 700 00ac 0F       		.uleb128 0xf
 701 00ad 00       		.byte	0
 702 00ae 0B       		.uleb128 0xb
 703 00af 0B       		.uleb128 0xb
 704 00b0 49       		.uleb128 0x49
 705 00b1 13       		.uleb128 0x13
 706 00b2 00       		.byte	0
 707 00b3 00       		.byte	0
 708 00b4 0D       		.uleb128 0xd
 709 00b5 26       		.uleb128 0x26
 710 00b6 00       		.byte	0
 711 00b7 49       		.uleb128 0x49
 712 00b8 13       		.uleb128 0x13
 713 00b9 00       		.byte	0
 714 00ba 00       		.byte	0
 715 00bb 0E       		.uleb128 0xe
 716 00bc 01       		.uleb128 0x1
 717 00bd 01       		.byte	0x1
 718 00be 49       		.uleb128 0x49
 719 00bf 13       		.uleb128 0x13
 720 00c0 00       		.byte	0
 721 00c1 00       		.byte	0
 722 00c2 0F       		.uleb128 0xf
 723 00c3 21       		.uleb128 0x21
 724 00c4 00       		.byte	0
ARM GAS  C:\Users\Karsten\AppData\Local\Temp\ccMWKexu.s 			page 17


 725 00c5 49       		.uleb128 0x49
 726 00c6 13       		.uleb128 0x13
 727 00c7 2F       		.uleb128 0x2f
 728 00c8 0B       		.uleb128 0xb
 729 00c9 00       		.byte	0
 730 00ca 00       		.byte	0
 731 00cb 00       		.byte	0
 732              		.section	.debug_aranges,"",%progbits
 733 0000 2C000000 		.4byte	0x2c
 734 0004 0200     		.2byte	0x2
 735 0006 00000000 		.4byte	.Ldebug_info0
 736 000a 04       		.byte	0x4
 737 000b 00       		.byte	0
 738 000c 0000     		.2byte	0
 739 000e 0000     		.2byte	0
 740 0010 00000000 		.4byte	.LFB0
 741 0014 08000000 		.4byte	.LFE0-.LFB0
 742 0018 00000000 		.4byte	.LFB1
 743 001c 08000000 		.4byte	.LFE1-.LFB1
 744 0020 00000000 		.4byte	.LFB2
 745 0024 74010000 		.4byte	.LFE2-.LFB2
 746 0028 00000000 		.4byte	0
 747 002c 00000000 		.4byte	0
 748              		.section	.debug_ranges,"",%progbits
 749              	.Ldebug_ranges0:
 750 0000 00000000 		.4byte	.LFB0
 751 0004 08000000 		.4byte	.LFE0
 752 0008 00000000 		.4byte	.LFB1
 753 000c 08000000 		.4byte	.LFE1
 754 0010 00000000 		.4byte	.LFB2
 755 0014 74010000 		.4byte	.LFE2
 756 0018 00000000 		.4byte	0
 757 001c 00000000 		.4byte	0
 758              		.section	.debug_line,"",%progbits
 759              	.Ldebug_line0:
 760 0000 C0000000 		.section	.debug_str,"MS",%progbits,1
 760      02004500 
 760      00000201 
 760      FB0E0D00 
 760      01010101 
 761              	.LASF22:
 762 0000 77726974 		.ascii	"writeBuffer\000"
 762      65427566 
 762      66657200 
 763              	.LASF19:
 764 000c 73726342 		.ascii	"srcBuf\000"
 764      756600
 765              	.LASF3:
 766 0013 73686F72 		.ascii	"short unsigned int\000"
 766      7420756E 
 766      7369676E 
 766      65642069 
 766      6E7400
 767              	.LASF26:
 768 0026 73726349 		.ascii	"srcIndex\000"
 768      6E646578 
 768      00
ARM GAS  C:\Users\Karsten\AppData\Local\Temp\ccMWKexu.s 			page 18


 769              	.LASF28:
 770 002f 62797465 		.ascii	"byteOffset\000"
 770      4F666673 
 770      657400
 771              	.LASF11:
 772 003a 666C6F61 		.ascii	"float\000"
 772      7400
 773              	.LASF29:
 774 0040 474E5520 		.ascii	"GNU C 4.8.4 20140526 (release) [ARM/embedded-4_8-br"
 774      4320342E 
 774      382E3420 
 774      32303134 
 774      30353236 
 775 0073 616E6368 		.ascii	"anch revision 211358] -mcpu=cortex-m0 -mthumb -g -O"
 775      20726576 
 775      6973696F 
 775      6E203231 
 775      31333538 
 776 00a6 30202D66 		.ascii	"0 -ffunction-sections\000"
 776      66756E63 
 776      74696F6E 
 776      2D736563 
 776      74696F6E 
 777              	.LASF31:
 778 00bc 433A5C55 		.ascii	"C:\\Users\\Karsten\\Desktop\\IHA\\3. Semester\\Proj"
 778      73657273 
 778      5C4B6172 
 778      7374656E 
 778      5C446573 
 779 00e9 656B745C 		.ascii	"ekt\\PHProbe\\PHProbe.cydsn\000"
 779      50485072 
 779      6F62655C 
 779      50485072 
 779      6F62652E 
 780              	.LASF1:
 781 0103 756E7369 		.ascii	"unsigned char\000"
 781      676E6564 
 781      20636861 
 781      7200
 782              	.LASF15:
 783 0111 72656738 		.ascii	"reg8\000"
 783      00
 784              	.LASF5:
 785 0116 6C6F6E67 		.ascii	"long unsigned int\000"
 785      20756E73 
 785      69676E65 
 785      6420696E 
 785      7400
 786              	.LASF9:
 787 0128 75696E74 		.ascii	"uint8\000"
 787      3800
 788              	.LASF23:
 789 012e 61727261 		.ascii	"arrayId\000"
 789      79496400 
 790              	.LASF21:
 791 0136 62797465 		.ascii	"byteCount\000"
 791      436F756E 
ARM GAS  C:\Users\Karsten\AppData\Local\Temp\ccMWKexu.s 			page 19


 791      7400
 792              	.LASF25:
 793 0140 64737449 		.ascii	"dstIndex\000"
 793      6E646578 
 793      00
 794              	.LASF12:
 795 0149 646F7562 		.ascii	"double\000"
 795      6C6500
 796              	.LASF14:
 797 0150 63797374 		.ascii	"cystatus\000"
 797      61747573 
 797      00
 798              	.LASF10:
 799 0159 75696E74 		.ascii	"uint32\000"
 799      333200
 800              	.LASF8:
 801 0160 756E7369 		.ascii	"unsigned int\000"
 801      676E6564 
 801      20696E74 
 801      00
 802              	.LASF17:
 803 016d 45455052 		.ascii	"EEPROM_Start\000"
 803      4F4D5F53 
 803      74617274 
 803      00
 804              	.LASF7:
 805 017a 6C6F6E67 		.ascii	"long long unsigned int\000"
 805      206C6F6E 
 805      6720756E 
 805      7369676E 
 805      65642069 
 806              	.LASF30:
 807 0191 2E5C4765 		.ascii	".\\Generated_Source\\PSoC4\\EEPROM.c\000"
 807      6E657261 
 807      7465645F 
 807      536F7572 
 807      63655C50 
 808              	.LASF24:
 809 01b3 726F7749 		.ascii	"rowId\000"
 809      6400
 810              	.LASF16:
 811 01b9 73697A65 		.ascii	"sizetype\000"
 811      74797065 
 811      00
 812              	.LASF6:
 813 01c2 6C6F6E67 		.ascii	"long long int\000"
 813      206C6F6E 
 813      6720696E 
 813      7400
 814              	.LASF13:
 815 01d0 63686172 		.ascii	"char\000"
 815      00
 816              	.LASF18:
 817 01d5 45455052 		.ascii	"EEPROM_Stop\000"
 817      4F4D5F53 
 817      746F7000 
 818              	.LASF20:
ARM GAS  C:\Users\Karsten\AppData\Local\Temp\ccMWKexu.s 			page 20


 819 01e1 65657072 		.ascii	"eepromPtr\000"
 819      6F6D5074 
 819      7200
 820              	.LASF2:
 821 01eb 73686F72 		.ascii	"short int\000"
 821      7420696E 
 821      7400
 822              	.LASF32:
 823 01f5 45455052 		.ascii	"EEPROM_Write\000"
 823      4F4D5F57 
 823      72697465 
 823      00
 824              	.LASF4:
 825 0202 6C6F6E67 		.ascii	"long int\000"
 825      20696E74 
 825      00
 826              	.LASF27:
 827 020b 65654F66 		.ascii	"eeOffset\000"
 827      66736574 
 827      00
 828              	.LASF0:
 829 0214 7369676E 		.ascii	"signed char\000"
 829      65642063 
 829      68617200 
 830              		.ident	"GCC: (GNU Tools for ARM Embedded Processors) 4.8.4 20140526 (release) [ARM/embedded-4_8-br
