ARM GAS  C:\Users\Karsten\AppData\Local\Temp\ccGv3CoA.s 			page 1


   1              		.cpu cortex-m0
   2              		.fpu softvfp
   3              		.eabi_attribute 20, 1
   4              		.eabi_attribute 21, 1
   5              		.eabi_attribute 23, 3
   6              		.eabi_attribute 24, 1
   7              		.eabi_attribute 25, 1
   8              		.eabi_attribute 26, 1
   9              		.eabi_attribute 30, 6
  10              		.eabi_attribute 34, 0
  11              		.eabi_attribute 18, 4
  12              		.code	16
  13              		.file	"main.c"
  14              		.text
  15              	.Ltext0:
  16              		.cfi_sections	.debug_frame
  17              		.comm	ph7,4,4
  18              		.comm	ph4,4,4
  19              		.comm	phVal,4,4
  20              		.comm	adcResult,2,2
  21              		.comm	adcResultmV,2,2
  22              		.global	__aeabi_fsub
  23              		.global	__aeabi_fdiv
  24              		.global	__aeabi_fadd
  25              		.section	.text.mvToPh,"ax",%progbits
  26              		.align	2
  27              		.global	mvToPh
  28              		.code	16
  29              		.thumb_func
  30              		.type	mvToPh, %function
  31              	mvToPh:
  32              	.LFB33:
  33              		.file 1 ".\\main.c"
   1:.\main.c      **** /* ========================================
   2:.\main.c      ****  *
   3:.\main.c      ****  * Copyright YOUR COMPANY, THE YEAR
   4:.\main.c      ****  * All Rights Reserved
   5:.\main.c      ****  * UNPUBLISHED, LICENSED SOFTWARE.
   6:.\main.c      ****  *
   7:.\main.c      ****  * CONFIDENTIAL AND PROPRIETARY INFORMATION
   8:.\main.c      ****  * WHICH IS THE PROPERTY OF your company.
   9:.\main.c      ****  *
  10:.\main.c      ****  * ========================================
  11:.\main.c      **** */
  12:.\main.c      **** #include <project.h>
  13:.\main.c      **** 
  14:.\main.c      **** #define ph7Default -29
  15:.\main.c      **** #define ph4Default 149
  16:.\main.c      **** float ph7;
  17:.\main.c      **** float ph4;
  18:.\main.c      **** float phVal;
  19:.\main.c      **** int16 adcResult;
  20:.\main.c      **** int16 adcResultmV;
  21:.\main.c      **** 
  22:.\main.c      **** // Omregner til pH-værdi. ph4 og ph7 er parametrene som bruges til at kalibrere proben
  23:.\main.c      **** float mvToPh(float mv, float ph4, float ph7){     
  34              		.loc 1 23 0
ARM GAS  C:\Users\Karsten\AppData\Local\Temp\ccGv3CoA.s 			page 2


  35              		.cfi_startproc
  36 0000 90B5     		push	{r4, r7, lr}
  37              		.cfi_def_cfa_offset 12
  38              		.cfi_offset 4, -12
  39              		.cfi_offset 7, -8
  40              		.cfi_offset 14, -4
  41 0002 85B0     		sub	sp, sp, #20
  42              		.cfi_def_cfa_offset 32
  43 0004 00AF     		add	r7, sp, #0
  44              		.cfi_def_cfa_register 7
  45 0006 F860     		str	r0, [r7, #12]
  46 0008 B960     		str	r1, [r7, #8]
  47 000a 7A60     		str	r2, [r7, #4]
  24:.\main.c      ****     return ((ph7-mv)/((ph4-ph7)/3)+7);
  48              		.loc 1 24 0
  49 000c 7868     		ldr	r0, [r7, #4]
  50 000e F968     		ldr	r1, [r7, #12]
  51 0010 FFF7FEFF 		bl	__aeabi_fsub
  52 0014 031C     		add	r3, r0, #0
  53 0016 1C1C     		add	r4, r3, #0
  54 0018 B868     		ldr	r0, [r7, #8]
  55 001a 7968     		ldr	r1, [r7, #4]
  56 001c FFF7FEFF 		bl	__aeabi_fsub
  57 0020 031C     		add	r3, r0, #0
  58 0022 181C     		add	r0, r3, #0
  59 0024 0849     		ldr	r1, .L3
  60 0026 FFF7FEFF 		bl	__aeabi_fdiv
  61 002a 031C     		add	r3, r0, #0
  62 002c 201C     		add	r0, r4, #0
  63 002e 191C     		add	r1, r3, #0
  64 0030 FFF7FEFF 		bl	__aeabi_fdiv
  65 0034 031C     		add	r3, r0, #0
  66 0036 181C     		add	r0, r3, #0
  67 0038 0449     		ldr	r1, .L3+4
  68 003a FFF7FEFF 		bl	__aeabi_fadd
  69 003e 031C     		add	r3, r0, #0
  25:.\main.c      **** }
  70              		.loc 1 25 0
  71 0040 181C     		add	r0, r3, #0
  72 0042 BD46     		mov	sp, r7
  73 0044 05B0     		add	sp, sp, #20
  74              		@ sp needed
  75 0046 90BD     		pop	{r4, r7, pc}
  76              	.L4:
  77              		.align	2
  78              	.L3:
  79 0048 00004040 		.word	1077936128
  80 004c 0000E040 		.word	1088421888
  81              		.cfi_endproc
  82              	.LFE33:
  83              		.size	mvToPh, .-mvToPh
  84              		.global	__aeabi_i2f
  85              		.section	.text.getPhVal,"ax",%progbits
  86              		.align	2
  87              		.global	getPhVal
  88              		.code	16
  89              		.thumb_func
ARM GAS  C:\Users\Karsten\AppData\Local\Temp\ccGv3CoA.s 			page 3


  90              		.type	getPhVal, %function
  91              	getPhVal:
  92              	.LFB34:
  26:.\main.c      **** float getPhVal(){
  93              		.loc 1 26 0
  94              		.cfi_startproc
  95 0000 80B5     		push	{r7, lr}
  96              		.cfi_def_cfa_offset 8
  97              		.cfi_offset 7, -8
  98              		.cfi_offset 14, -4
  99 0002 00AF     		add	r7, sp, #0
 100              		.cfi_def_cfa_register 7
  27:.\main.c      ****     while(ADC_IsEndConversion(ADC_WAIT_FOR_RESULT)== 0){};
 101              		.loc 1 27 0
 102 0004 C046     		mov	r8, r8
 103              	.L6:
 104              		.loc 1 27 0 is_stmt 0 discriminator 1
 105 0006 0220     		mov	r0, #2
 106 0008 FFF7FEFF 		bl	ADC_IsEndConversion
 107 000c 031C     		mov	r3, r0
 108 000e 002B     		cmp	r3, #0
 109 0010 F9D0     		beq	.L6
  28:.\main.c      ****     
  29:.\main.c      ****     adcResult=ADC_GetResult16(0);
 110              		.loc 1 29 0 is_stmt 1
 111 0012 0020     		mov	r0, #0
 112 0014 FFF7FEFF 		bl	ADC_GetResult16
 113 0018 031C     		mov	r3, r0
 114 001a 1A1C     		mov	r2, r3
 115 001c 104B     		ldr	r3, .L8
 116 001e 1A80     		strh	r2, [r3]
  30:.\main.c      ****     adcResultmV = ADC_CountsTo_mVolts(0,adcResult);
 117              		.loc 1 30 0
 118 0020 0F4B     		ldr	r3, .L8
 119 0022 1B88     		ldrh	r3, [r3]
 120 0024 1BB2     		sxth	r3, r3
 121 0026 0020     		mov	r0, #0
 122 0028 191C     		mov	r1, r3
 123 002a FFF7FEFF 		bl	ADC_CountsTo_mVolts
 124 002e 031C     		mov	r3, r0
 125 0030 1A1C     		mov	r2, r3
 126 0032 0C4B     		ldr	r3, .L8+4
 127 0034 1A80     		strh	r2, [r3]
  31:.\main.c      ****     
  32:.\main.c      ****     return mvToPh(adcResultmV,ph4,ph7);
 128              		.loc 1 32 0
 129 0036 0B4B     		ldr	r3, .L8+4
 130 0038 1B88     		ldrh	r3, [r3]
 131 003a 1BB2     		sxth	r3, r3
 132 003c 181C     		mov	r0, r3
 133 003e FFF7FEFF 		bl	__aeabi_i2f
 134 0042 011C     		add	r1, r0, #0
 135 0044 084B     		ldr	r3, .L8+8
 136 0046 1A68     		ldr	r2, [r3]
 137 0048 084B     		ldr	r3, .L8+12
 138 004a 1B68     		ldr	r3, [r3]
 139 004c 081C     		add	r0, r1, #0
ARM GAS  C:\Users\Karsten\AppData\Local\Temp\ccGv3CoA.s 			page 4


 140 004e 111C     		add	r1, r2, #0
 141 0050 1A1C     		add	r2, r3, #0
 142 0052 FFF7FEFF 		bl	mvToPh
 143 0056 031C     		add	r3, r0, #0
  33:.\main.c      **** }
 144              		.loc 1 33 0
 145 0058 181C     		add	r0, r3, #0
 146 005a BD46     		mov	sp, r7
 147              		@ sp needed
 148 005c 80BD     		pop	{r7, pc}
 149              	.L9:
 150 005e C046     		.align	2
 151              	.L8:
 152 0060 00000000 		.word	adcResult
 153 0064 00000000 		.word	adcResultmV
 154 0068 00000000 		.word	ph4
 155 006c 00000000 		.word	ph7
 156              		.cfi_endproc
 157              	.LFE34:
 158              		.size	getPhVal, .-getPhVal
 159              		.section	.text.CALIBRATE,"ax",%progbits
 160              		.align	2
 161              		.global	CALIBRATE
 162              		.code	16
 163              		.thumb_func
 164              		.type	CALIBRATE, %function
 165              	CALIBRATE:
 166              	.LFB35:
  34:.\main.c      **** 
  35:.\main.c      **** CY_ISR(CALIBRATE)
  36:.\main.c      **** {
 167              		.loc 1 36 0
 168              		.cfi_startproc
 169 0000 80B5     		push	{r7, lr}
 170              		.cfi_def_cfa_offset 8
 171              		.cfi_offset 7, -8
 172              		.cfi_offset 14, -4
 173 0002 82B0     		sub	sp, sp, #8
 174              		.cfi_def_cfa_offset 16
 175 0004 00AF     		add	r7, sp, #0
 176              		.cfi_def_cfa_register 7
  37:.\main.c      ****     int8 status;
  38:.\main.c      ****     if(CALI_Read() ==  1){ // vent på at knappen har været nede i 3 sekunder
 177              		.loc 1 38 0
 178 0006 FFF7FEFF 		bl	CALI_Read
 179 000a 031C     		mov	r3, r0
 180 000c 012B     		cmp	r3, #1
 181 000e 0BD1     		bne	.L11
  39:.\main.c      ****     CyDelay(3000);
 182              		.loc 1 39 0
 183 0010 194B     		ldr	r3, .L13
 184 0012 181C     		mov	r0, r3
 185 0014 FFF7FEFF 		bl	CyDelay
  40:.\main.c      ****     if(CALI_Read() == 1)
 186              		.loc 1 40 0
 187 0018 FFF7FEFF 		bl	CALI_Read
 188 001c 031C     		mov	r3, r0
ARM GAS  C:\Users\Karsten\AppData\Local\Temp\ccGv3CoA.s 			page 5


 189 001e 012B     		cmp	r3, #1
 190 0020 02D1     		bne	.L11
  41:.\main.c      ****     status = 1;
 191              		.loc 1 41 0
 192 0022 FB1D     		add	r3, r7, #7
 193 0024 0122     		mov	r2, #1
 194 0026 1A70     		strb	r2, [r3]
 195              	.L11:
  42:.\main.c      ****     }
  43:.\main.c      ****     if(status == 1){
 196              		.loc 1 43 0
 197 0028 FB1D     		add	r3, r7, #7
 198 002a 1B78     		ldrb	r3, [r3]
 199 002c 5BB2     		sxtb	r3, r3
 200 002e 012B     		cmp	r3, #1
 201 0030 1FD1     		bne	.L10
  44:.\main.c      ****     getPhVal();
 202              		.loc 1 44 0
 203 0032 FFF7FEFF 		bl	getPhVal
  45:.\main.c      ****     ph7 = adcResultmV;
 204              		.loc 1 45 0
 205 0036 114B     		ldr	r3, .L13+4
 206 0038 1B88     		ldrh	r3, [r3]
 207 003a 1BB2     		sxth	r3, r3
 208 003c 181C     		mov	r0, r3
 209 003e FFF7FEFF 		bl	__aeabi_i2f
 210 0042 021C     		add	r2, r0, #0
 211 0044 0E4B     		ldr	r3, .L13+8
 212 0046 1A60     		str	r2, [r3]
  46:.\main.c      ****     ph4 = ph4Default + (ph7 - ph7Default); // ph4Default + korrektion 
 213              		.loc 1 46 0
 214 0048 0D4B     		ldr	r3, .L13+8
 215 004a 1B68     		ldr	r3, [r3]
 216 004c 181C     		add	r0, r3, #0
 217 004e 0D49     		ldr	r1, .L13+12
 218 0050 FFF7FEFF 		bl	__aeabi_fadd
 219 0054 031C     		add	r3, r0, #0
 220 0056 181C     		add	r0, r3, #0
 221 0058 0B49     		ldr	r1, .L13+16
 222 005a FFF7FEFF 		bl	__aeabi_fadd
 223 005e 031C     		add	r3, r0, #0
 224 0060 1A1C     		add	r2, r3, #0
 225 0062 0A4B     		ldr	r3, .L13+20
 226 0064 1A60     		str	r2, [r3]
  47:.\main.c      ****     RED_LED_Write(0);
 227              		.loc 1 47 0
 228 0066 0020     		mov	r0, #0
 229 0068 FFF7FEFF 		bl	RED_LED_Write
  48:.\main.c      ****     GREEN_LED_Write(1);
 230              		.loc 1 48 0
 231 006c 0120     		mov	r0, #1
 232 006e FFF7FEFF 		bl	GREEN_LED_Write
 233              	.L10:
  49:.\main.c      ****     }
  50:.\main.c      **** }
 234              		.loc 1 50 0
 235 0072 BD46     		mov	sp, r7
ARM GAS  C:\Users\Karsten\AppData\Local\Temp\ccGv3CoA.s 			page 6


 236 0074 02B0     		add	sp, sp, #8
 237              		@ sp needed
 238 0076 80BD     		pop	{r7, pc}
 239              	.L14:
 240              		.align	2
 241              	.L13:
 242 0078 B80B0000 		.word	3000
 243 007c 00000000 		.word	adcResultmV
 244 0080 00000000 		.word	ph7
 245 0084 0000E841 		.word	1105723392
 246 0088 00001543 		.word	1125449728
 247 008c 00000000 		.word	ph4
 248              		.cfi_endproc
 249              	.LFE35:
 250              		.size	CALIBRATE, .-CALIBRATE
 251              		.section	.text.main,"ax",%progbits
 252              		.align	2
 253              		.global	main
 254              		.code	16
 255              		.thumb_func
 256              		.type	main, %function
 257              	main:
 258              	.LFB36:
  51:.\main.c      **** 
  52:.\main.c      **** int main()
  53:.\main.c      **** {
 259              		.loc 1 53 0
 260              		.cfi_startproc
 261 0000 80B5     		push	{r7, lr}
 262              		.cfi_def_cfa_offset 8
 263              		.cfi_offset 7, -8
 264              		.cfi_offset 14, -4
 265 0002 00AF     		add	r7, sp, #0
 266              		.cfi_def_cfa_register 7
  54:.\main.c      ****     ph7 = ph7Default; // Default værdi
 267              		.loc 1 54 0
 268 0004 0E4B     		ldr	r3, .L17
 269 0006 0F4A     		ldr	r2, .L17+4
 270 0008 1A60     		str	r2, [r3]
  55:.\main.c      ****     ph4 = ph4Default; // Default værdi 
 271              		.loc 1 55 0
 272 000a 0F4B     		ldr	r3, .L17+8
 273 000c 0F4A     		ldr	r2, .L17+12
 274 000e 1A60     		str	r2, [r3]
  56:.\main.c      ****     Opamp_1_Start();
 275              		.loc 1 56 0
 276 0010 FFF7FEFF 		bl	Opamp_1_Start
  57:.\main.c      ****     ADC_Start();
 277              		.loc 1 57 0
 278 0014 FFF7FEFF 		bl	ADC_Start
  58:.\main.c      ****     ADC_StartConvert();
 279              		.loc 1 58 0
 280 0018 FFF7FEFF 		bl	ADC_StartConvert
  59:.\main.c      ****     Calibrate_StartEx(CALIBRATE);
 281              		.loc 1 59 0
 282 001c 0C4B     		ldr	r3, .L17+16
 283 001e 181C     		mov	r0, r3
ARM GAS  C:\Users\Karsten\AppData\Local\Temp\ccGv3CoA.s 			page 7


 284 0020 FFF7FEFF 		bl	Calibrate_StartEx
  60:.\main.c      ****     CyGlobalIntEnable; 
 285              		.loc 1 60 0
 286              	@ 60 ".\main.c" 1
 287 0024 62B6     		CPSIE   i
 288              	@ 0 "" 2
  61:.\main.c      ****     RED_LED_Write(1);
 289              		.loc 1 61 0
 290              		.code	16
 291 0026 0120     		mov	r0, #1
 292 0028 FFF7FEFF 		bl	RED_LED_Write
  62:.\main.c      ****     GREEN_LED_Write(0);
 293              		.loc 1 62 0
 294 002c 0020     		mov	r0, #0
 295 002e FFF7FEFF 		bl	GREEN_LED_Write
 296              	.L16:
  63:.\main.c      ****      
  64:.\main.c      ****    while(1){
  65:.\main.c      ****    phVal = getPhVal();
 297              		.loc 1 65 0 discriminator 1
 298 0032 FFF7FEFF 		bl	getPhVal
 299 0036 021C     		add	r2, r0, #0
 300 0038 064B     		ldr	r3, .L17+20
 301 003a 1A60     		str	r2, [r3]
  66:.\main.c      **** }
 302              		.loc 1 66 0 discriminator 1
 303 003c F9E7     		b	.L16
 304              	.L18:
 305 003e C046     		.align	2
 306              	.L17:
 307 0040 00000000 		.word	ph7
 308 0044 0000E8C1 		.word	-1041760256
 309 0048 00000000 		.word	ph4
 310 004c 00001543 		.word	1125449728
 311 0050 00000000 		.word	CALIBRATE
 312 0054 00000000 		.word	phVal
 313              		.cfi_endproc
 314              	.LFE36:
 315              		.size	main, .-main
 316              		.text
 317              	.Letext0:
 318              		.file 2 ".\\Generated_Source\\PSoC4/cytypes.h"
 319              		.section	.debug_info,"",%progbits
 320              	.Ldebug_info0:
 321 0000 80010000 		.4byte	0x180
 322 0004 0400     		.2byte	0x4
 323 0006 00000000 		.4byte	.Ldebug_abbrev0
 324 000a 04       		.byte	0x4
 325 000b 01       		.uleb128 0x1
 326 000c 7D000000 		.4byte	.LASF20
 327 0010 01       		.byte	0x1
 328 0011 9F010000 		.4byte	.LASF21
 329 0015 23010000 		.4byte	.LASF22
 330 0019 00000000 		.4byte	.Ldebug_ranges0+0
 331 001d 00000000 		.4byte	0
 332 0021 00000000 		.4byte	.Ldebug_line0
 333 0025 02       		.uleb128 0x2
ARM GAS  C:\Users\Karsten\AppData\Local\Temp\ccGv3CoA.s 			page 8


 334 0026 01       		.byte	0x1
 335 0027 06       		.byte	0x6
 336 0028 87010000 		.4byte	.LASF0
 337 002c 02       		.uleb128 0x2
 338 002d 01       		.byte	0x1
 339 002e 08       		.byte	0x8
 340 002f 1B000000 		.4byte	.LASF1
 341 0033 02       		.uleb128 0x2
 342 0034 02       		.byte	0x2
 343 0035 05       		.byte	0x5
 344 0036 55000000 		.4byte	.LASF2
 345 003a 02       		.uleb128 0x2
 346 003b 02       		.byte	0x2
 347 003c 07       		.byte	0x7
 348 003d 74010000 		.4byte	.LASF3
 349 0041 02       		.uleb128 0x2
 350 0042 04       		.byte	0x4
 351 0043 05       		.byte	0x5
 352 0044 13010000 		.4byte	.LASF4
 353 0048 02       		.uleb128 0x2
 354 0049 04       		.byte	0x4
 355 004a 07       		.byte	0x7
 356 004b 43000000 		.4byte	.LASF5
 357 004f 02       		.uleb128 0x2
 358 0050 08       		.byte	0x8
 359 0051 05       		.byte	0x5
 360 0052 00000000 		.4byte	.LASF6
 361 0056 02       		.uleb128 0x2
 362 0057 08       		.byte	0x8
 363 0058 07       		.byte	0x7
 364 0059 5F000000 		.4byte	.LASF7
 365 005d 03       		.uleb128 0x3
 366 005e 04       		.byte	0x4
 367 005f 05       		.byte	0x5
 368 0060 696E7400 		.ascii	"int\000"
 369 0064 02       		.uleb128 0x2
 370 0065 04       		.byte	0x4
 371 0066 07       		.byte	0x7
 372 0067 0E000000 		.4byte	.LASF8
 373 006b 04       		.uleb128 0x4
 374 006c 38000000 		.4byte	.LASF9
 375 0070 02       		.byte	0x2
 376 0071 A4       		.byte	0xa4
 377 0072 25000000 		.4byte	0x25
 378 0076 04       		.uleb128 0x4
 379 0077 99010000 		.4byte	.LASF10
 380 007b 02       		.byte	0x2
 381 007c A5       		.byte	0xa5
 382 007d 33000000 		.4byte	0x33
 383 0081 02       		.uleb128 0x2
 384 0082 04       		.byte	0x4
 385 0083 04       		.byte	0x4
 386 0084 93010000 		.4byte	.LASF11
 387 0088 02       		.uleb128 0x2
 388 0089 08       		.byte	0x8
 389 008a 04       		.byte	0x4
 390 008b 1C010000 		.4byte	.LASF12
ARM GAS  C:\Users\Karsten\AppData\Local\Temp\ccGv3CoA.s 			page 9


 391 008f 02       		.uleb128 0x2
 392 0090 01       		.byte	0x1
 393 0091 08       		.byte	0x8
 394 0092 05010000 		.4byte	.LASF13
 395 0096 02       		.uleb128 0x2
 396 0097 04       		.byte	0x4
 397 0098 07       		.byte	0x7
 398 0099 AF010000 		.4byte	.LASF14
 399 009d 05       		.uleb128 0x5
 400 009e A8010000 		.4byte	.LASF23
 401 00a2 01       		.byte	0x1
 402 00a3 17       		.byte	0x17
 403 00a4 81000000 		.4byte	0x81
 404 00a8 00000000 		.4byte	.LFB33
 405 00ac 50000000 		.4byte	.LFE33-.LFB33
 406 00b0 01       		.uleb128 0x1
 407 00b1 9C       		.byte	0x9c
 408 00b2 E0000000 		.4byte	0xe0
 409 00b6 06       		.uleb128 0x6
 410 00b7 6D7600   		.ascii	"mv\000"
 411 00ba 01       		.byte	0x1
 412 00bb 17       		.byte	0x17
 413 00bc 81000000 		.4byte	0x81
 414 00c0 02       		.uleb128 0x2
 415 00c1 91       		.byte	0x91
 416 00c2 6C       		.sleb128 -20
 417 00c3 06       		.uleb128 0x6
 418 00c4 70683400 		.ascii	"ph4\000"
 419 00c8 01       		.byte	0x1
 420 00c9 17       		.byte	0x17
 421 00ca 81000000 		.4byte	0x81
 422 00ce 02       		.uleb128 0x2
 423 00cf 91       		.byte	0x91
 424 00d0 68       		.sleb128 -24
 425 00d1 06       		.uleb128 0x6
 426 00d2 70683700 		.ascii	"ph7\000"
 427 00d6 01       		.byte	0x1
 428 00d7 17       		.byte	0x17
 429 00d8 81000000 		.4byte	0x81
 430 00dc 02       		.uleb128 0x2
 431 00dd 91       		.byte	0x91
 432 00de 64       		.sleb128 -28
 433 00df 00       		.byte	0
 434 00e0 07       		.uleb128 0x7
 435 00e1 0A010000 		.4byte	.LASF15
 436 00e5 01       		.byte	0x1
 437 00e6 1A       		.byte	0x1a
 438 00e7 81000000 		.4byte	0x81
 439 00eb 00000000 		.4byte	.LFB34
 440 00ef 70000000 		.4byte	.LFE34-.LFB34
 441 00f3 01       		.uleb128 0x1
 442 00f4 9C       		.byte	0x9c
 443 00f5 08       		.uleb128 0x8
 444 00f6 6A010000 		.4byte	.LASF24
 445 00fa 01       		.byte	0x1
 446 00fb 23       		.byte	0x23
 447 00fc 00000000 		.4byte	.LFB35
ARM GAS  C:\Users\Karsten\AppData\Local\Temp\ccGv3CoA.s 			page 10


 448 0100 90000000 		.4byte	.LFE35-.LFB35
 449 0104 01       		.uleb128 0x1
 450 0105 9C       		.byte	0x9c
 451 0106 19010000 		.4byte	0x119
 452 010a 09       		.uleb128 0x9
 453 010b 76000000 		.4byte	.LASF25
 454 010f 01       		.byte	0x1
 455 0110 25       		.byte	0x25
 456 0111 6B000000 		.4byte	0x6b
 457 0115 02       		.uleb128 0x2
 458 0116 91       		.byte	0x91
 459 0117 77       		.sleb128 -9
 460 0118 00       		.byte	0
 461 0119 07       		.uleb128 0x7
 462 011a 29000000 		.4byte	.LASF16
 463 011e 01       		.byte	0x1
 464 011f 34       		.byte	0x34
 465 0120 5D000000 		.4byte	0x5d
 466 0124 00000000 		.4byte	.LFB36
 467 0128 58000000 		.4byte	.LFE36-.LFB36
 468 012c 01       		.uleb128 0x1
 469 012d 9C       		.byte	0x9c
 470 012e 0A       		.uleb128 0xa
 471 012f 70683700 		.ascii	"ph7\000"
 472 0133 01       		.byte	0x1
 473 0134 10       		.byte	0x10
 474 0135 81000000 		.4byte	0x81
 475 0139 05       		.uleb128 0x5
 476 013a 03       		.byte	0x3
 477 013b 00000000 		.4byte	ph7
 478 013f 0A       		.uleb128 0xa
 479 0140 70683400 		.ascii	"ph4\000"
 480 0144 01       		.byte	0x1
 481 0145 11       		.byte	0x11
 482 0146 81000000 		.4byte	0x81
 483 014a 05       		.uleb128 0x5
 484 014b 03       		.byte	0x3
 485 014c 00000000 		.4byte	ph4
 486 0150 0B       		.uleb128 0xb
 487 0151 3D000000 		.4byte	.LASF17
 488 0155 01       		.byte	0x1
 489 0156 12       		.byte	0x12
 490 0157 81000000 		.4byte	0x81
 491 015b 05       		.uleb128 0x5
 492 015c 03       		.byte	0x3
 493 015d 00000000 		.4byte	phVal
 494 0161 0B       		.uleb128 0xb
 495 0162 2E000000 		.4byte	.LASF18
 496 0166 01       		.byte	0x1
 497 0167 13       		.byte	0x13
 498 0168 76000000 		.4byte	0x76
 499 016c 05       		.uleb128 0x5
 500 016d 03       		.byte	0x3
 501 016e 00000000 		.4byte	adcResult
 502 0172 0B       		.uleb128 0xb
 503 0173 F9000000 		.4byte	.LASF19
 504 0177 01       		.byte	0x1
ARM GAS  C:\Users\Karsten\AppData\Local\Temp\ccGv3CoA.s 			page 11


 505 0178 14       		.byte	0x14
 506 0179 76000000 		.4byte	0x76
 507 017d 05       		.uleb128 0x5
 508 017e 03       		.byte	0x3
 509 017f 00000000 		.4byte	adcResultmV
 510 0183 00       		.byte	0
 511              		.section	.debug_abbrev,"",%progbits
 512              	.Ldebug_abbrev0:
 513 0000 01       		.uleb128 0x1
 514 0001 11       		.uleb128 0x11
 515 0002 01       		.byte	0x1
 516 0003 25       		.uleb128 0x25
 517 0004 0E       		.uleb128 0xe
 518 0005 13       		.uleb128 0x13
 519 0006 0B       		.uleb128 0xb
 520 0007 03       		.uleb128 0x3
 521 0008 0E       		.uleb128 0xe
 522 0009 1B       		.uleb128 0x1b
 523 000a 0E       		.uleb128 0xe
 524 000b 55       		.uleb128 0x55
 525 000c 17       		.uleb128 0x17
 526 000d 11       		.uleb128 0x11
 527 000e 01       		.uleb128 0x1
 528 000f 10       		.uleb128 0x10
 529 0010 17       		.uleb128 0x17
 530 0011 00       		.byte	0
 531 0012 00       		.byte	0
 532 0013 02       		.uleb128 0x2
 533 0014 24       		.uleb128 0x24
 534 0015 00       		.byte	0
 535 0016 0B       		.uleb128 0xb
 536 0017 0B       		.uleb128 0xb
 537 0018 3E       		.uleb128 0x3e
 538 0019 0B       		.uleb128 0xb
 539 001a 03       		.uleb128 0x3
 540 001b 0E       		.uleb128 0xe
 541 001c 00       		.byte	0
 542 001d 00       		.byte	0
 543 001e 03       		.uleb128 0x3
 544 001f 24       		.uleb128 0x24
 545 0020 00       		.byte	0
 546 0021 0B       		.uleb128 0xb
 547 0022 0B       		.uleb128 0xb
 548 0023 3E       		.uleb128 0x3e
 549 0024 0B       		.uleb128 0xb
 550 0025 03       		.uleb128 0x3
 551 0026 08       		.uleb128 0x8
 552 0027 00       		.byte	0
 553 0028 00       		.byte	0
 554 0029 04       		.uleb128 0x4
 555 002a 16       		.uleb128 0x16
 556 002b 00       		.byte	0
 557 002c 03       		.uleb128 0x3
 558 002d 0E       		.uleb128 0xe
 559 002e 3A       		.uleb128 0x3a
 560 002f 0B       		.uleb128 0xb
 561 0030 3B       		.uleb128 0x3b
ARM GAS  C:\Users\Karsten\AppData\Local\Temp\ccGv3CoA.s 			page 12


 562 0031 0B       		.uleb128 0xb
 563 0032 49       		.uleb128 0x49
 564 0033 13       		.uleb128 0x13
 565 0034 00       		.byte	0
 566 0035 00       		.byte	0
 567 0036 05       		.uleb128 0x5
 568 0037 2E       		.uleb128 0x2e
 569 0038 01       		.byte	0x1
 570 0039 3F       		.uleb128 0x3f
 571 003a 19       		.uleb128 0x19
 572 003b 03       		.uleb128 0x3
 573 003c 0E       		.uleb128 0xe
 574 003d 3A       		.uleb128 0x3a
 575 003e 0B       		.uleb128 0xb
 576 003f 3B       		.uleb128 0x3b
 577 0040 0B       		.uleb128 0xb
 578 0041 27       		.uleb128 0x27
 579 0042 19       		.uleb128 0x19
 580 0043 49       		.uleb128 0x49
 581 0044 13       		.uleb128 0x13
 582 0045 11       		.uleb128 0x11
 583 0046 01       		.uleb128 0x1
 584 0047 12       		.uleb128 0x12
 585 0048 06       		.uleb128 0x6
 586 0049 40       		.uleb128 0x40
 587 004a 18       		.uleb128 0x18
 588 004b 9642     		.uleb128 0x2116
 589 004d 19       		.uleb128 0x19
 590 004e 01       		.uleb128 0x1
 591 004f 13       		.uleb128 0x13
 592 0050 00       		.byte	0
 593 0051 00       		.byte	0
 594 0052 06       		.uleb128 0x6
 595 0053 05       		.uleb128 0x5
 596 0054 00       		.byte	0
 597 0055 03       		.uleb128 0x3
 598 0056 08       		.uleb128 0x8
 599 0057 3A       		.uleb128 0x3a
 600 0058 0B       		.uleb128 0xb
 601 0059 3B       		.uleb128 0x3b
 602 005a 0B       		.uleb128 0xb
 603 005b 49       		.uleb128 0x49
 604 005c 13       		.uleb128 0x13
 605 005d 02       		.uleb128 0x2
 606 005e 18       		.uleb128 0x18
 607 005f 00       		.byte	0
 608 0060 00       		.byte	0
 609 0061 07       		.uleb128 0x7
 610 0062 2E       		.uleb128 0x2e
 611 0063 00       		.byte	0
 612 0064 3F       		.uleb128 0x3f
 613 0065 19       		.uleb128 0x19
 614 0066 03       		.uleb128 0x3
 615 0067 0E       		.uleb128 0xe
 616 0068 3A       		.uleb128 0x3a
 617 0069 0B       		.uleb128 0xb
 618 006a 3B       		.uleb128 0x3b
ARM GAS  C:\Users\Karsten\AppData\Local\Temp\ccGv3CoA.s 			page 13


 619 006b 0B       		.uleb128 0xb
 620 006c 49       		.uleb128 0x49
 621 006d 13       		.uleb128 0x13
 622 006e 11       		.uleb128 0x11
 623 006f 01       		.uleb128 0x1
 624 0070 12       		.uleb128 0x12
 625 0071 06       		.uleb128 0x6
 626 0072 40       		.uleb128 0x40
 627 0073 18       		.uleb128 0x18
 628 0074 9642     		.uleb128 0x2116
 629 0076 19       		.uleb128 0x19
 630 0077 00       		.byte	0
 631 0078 00       		.byte	0
 632 0079 08       		.uleb128 0x8
 633 007a 2E       		.uleb128 0x2e
 634 007b 01       		.byte	0x1
 635 007c 3F       		.uleb128 0x3f
 636 007d 19       		.uleb128 0x19
 637 007e 03       		.uleb128 0x3
 638 007f 0E       		.uleb128 0xe
 639 0080 3A       		.uleb128 0x3a
 640 0081 0B       		.uleb128 0xb
 641 0082 3B       		.uleb128 0x3b
 642 0083 0B       		.uleb128 0xb
 643 0084 27       		.uleb128 0x27
 644 0085 19       		.uleb128 0x19
 645 0086 11       		.uleb128 0x11
 646 0087 01       		.uleb128 0x1
 647 0088 12       		.uleb128 0x12
 648 0089 06       		.uleb128 0x6
 649 008a 40       		.uleb128 0x40
 650 008b 18       		.uleb128 0x18
 651 008c 9642     		.uleb128 0x2116
 652 008e 19       		.uleb128 0x19
 653 008f 01       		.uleb128 0x1
 654 0090 13       		.uleb128 0x13
 655 0091 00       		.byte	0
 656 0092 00       		.byte	0
 657 0093 09       		.uleb128 0x9
 658 0094 34       		.uleb128 0x34
 659 0095 00       		.byte	0
 660 0096 03       		.uleb128 0x3
 661 0097 0E       		.uleb128 0xe
 662 0098 3A       		.uleb128 0x3a
 663 0099 0B       		.uleb128 0xb
 664 009a 3B       		.uleb128 0x3b
 665 009b 0B       		.uleb128 0xb
 666 009c 49       		.uleb128 0x49
 667 009d 13       		.uleb128 0x13
 668 009e 02       		.uleb128 0x2
 669 009f 18       		.uleb128 0x18
 670 00a0 00       		.byte	0
 671 00a1 00       		.byte	0
 672 00a2 0A       		.uleb128 0xa
 673 00a3 34       		.uleb128 0x34
 674 00a4 00       		.byte	0
 675 00a5 03       		.uleb128 0x3
ARM GAS  C:\Users\Karsten\AppData\Local\Temp\ccGv3CoA.s 			page 14


 676 00a6 08       		.uleb128 0x8
 677 00a7 3A       		.uleb128 0x3a
 678 00a8 0B       		.uleb128 0xb
 679 00a9 3B       		.uleb128 0x3b
 680 00aa 0B       		.uleb128 0xb
 681 00ab 49       		.uleb128 0x49
 682 00ac 13       		.uleb128 0x13
 683 00ad 3F       		.uleb128 0x3f
 684 00ae 19       		.uleb128 0x19
 685 00af 02       		.uleb128 0x2
 686 00b0 18       		.uleb128 0x18
 687 00b1 00       		.byte	0
 688 00b2 00       		.byte	0
 689 00b3 0B       		.uleb128 0xb
 690 00b4 34       		.uleb128 0x34
 691 00b5 00       		.byte	0
 692 00b6 03       		.uleb128 0x3
 693 00b7 0E       		.uleb128 0xe
 694 00b8 3A       		.uleb128 0x3a
 695 00b9 0B       		.uleb128 0xb
 696 00ba 3B       		.uleb128 0x3b
 697 00bb 0B       		.uleb128 0xb
 698 00bc 49       		.uleb128 0x49
 699 00bd 13       		.uleb128 0x13
 700 00be 3F       		.uleb128 0x3f
 701 00bf 19       		.uleb128 0x19
 702 00c0 02       		.uleb128 0x2
 703 00c1 18       		.uleb128 0x18
 704 00c2 00       		.byte	0
 705 00c3 00       		.byte	0
 706 00c4 00       		.byte	0
 707              		.section	.debug_aranges,"",%progbits
 708 0000 34000000 		.4byte	0x34
 709 0004 0200     		.2byte	0x2
 710 0006 00000000 		.4byte	.Ldebug_info0
 711 000a 04       		.byte	0x4
 712 000b 00       		.byte	0
 713 000c 0000     		.2byte	0
 714 000e 0000     		.2byte	0
 715 0010 00000000 		.4byte	.LFB33
 716 0014 50000000 		.4byte	.LFE33-.LFB33
 717 0018 00000000 		.4byte	.LFB34
 718 001c 70000000 		.4byte	.LFE34-.LFB34
 719 0020 00000000 		.4byte	.LFB35
 720 0024 90000000 		.4byte	.LFE35-.LFB35
 721 0028 00000000 		.4byte	.LFB36
 722 002c 58000000 		.4byte	.LFE36-.LFB36
 723 0030 00000000 		.4byte	0
 724 0034 00000000 		.4byte	0
 725              		.section	.debug_ranges,"",%progbits
 726              	.Ldebug_ranges0:
 727 0000 00000000 		.4byte	.LFB33
 728 0004 50000000 		.4byte	.LFE33
 729 0008 00000000 		.4byte	.LFB34
 730 000c 70000000 		.4byte	.LFE34
 731 0010 00000000 		.4byte	.LFB35
 732 0014 90000000 		.4byte	.LFE35
ARM GAS  C:\Users\Karsten\AppData\Local\Temp\ccGv3CoA.s 			page 15


 733 0018 00000000 		.4byte	.LFB36
 734 001c 58000000 		.4byte	.LFE36
 735 0020 00000000 		.4byte	0
 736 0024 00000000 		.4byte	0
 737              		.section	.debug_line,"",%progbits
 738              	.Ldebug_line0:
 739 0000 B5000000 		.section	.debug_str,"MS",%progbits,1
 739      02004500 
 739      00000201 
 739      FB0E0D00 
 739      01010101 
 740              	.LASF6:
 741 0000 6C6F6E67 		.ascii	"long long int\000"
 741      206C6F6E 
 741      6720696E 
 741      7400
 742              	.LASF8:
 743 000e 756E7369 		.ascii	"unsigned int\000"
 743      676E6564 
 743      20696E74 
 743      00
 744              	.LASF1:
 745 001b 756E7369 		.ascii	"unsigned char\000"
 745      676E6564 
 745      20636861 
 745      7200
 746              	.LASF16:
 747 0029 6D61696E 		.ascii	"main\000"
 747      00
 748              	.LASF18:
 749 002e 61646352 		.ascii	"adcResult\000"
 749      6573756C 
 749      7400
 750              	.LASF9:
 751 0038 696E7438 		.ascii	"int8\000"
 751      00
 752              	.LASF17:
 753 003d 70685661 		.ascii	"phVal\000"
 753      6C00
 754              	.LASF5:
 755 0043 6C6F6E67 		.ascii	"long unsigned int\000"
 755      20756E73 
 755      69676E65 
 755      6420696E 
 755      7400
 756              	.LASF2:
 757 0055 73686F72 		.ascii	"short int\000"
 757      7420696E 
 757      7400
 758              	.LASF7:
 759 005f 6C6F6E67 		.ascii	"long long unsigned int\000"
 759      206C6F6E 
 759      6720756E 
 759      7369676E 
 759      65642069 
 760              	.LASF25:
 761 0076 73746174 		.ascii	"status\000"
ARM GAS  C:\Users\Karsten\AppData\Local\Temp\ccGv3CoA.s 			page 16


 761      757300
 762              	.LASF20:
 763 007d 474E5520 		.ascii	"GNU C 4.8.4 20140526 (release) [ARM/embedded-4_8-br"
 763      4320342E 
 763      382E3420 
 763      32303134 
 763      30353236 
 764 00b0 616E6368 		.ascii	"anch revision 211358] -mcpu=cortex-m0 -mthumb -g -O"
 764      20726576 
 764      6973696F 
 764      6E203231 
 764      31333538 
 765 00e3 30202D66 		.ascii	"0 -ffunction-sections\000"
 765      66756E63 
 765      74696F6E 
 765      2D736563 
 765      74696F6E 
 766              	.LASF19:
 767 00f9 61646352 		.ascii	"adcResultmV\000"
 767      6573756C 
 767      746D5600 
 768              	.LASF13:
 769 0105 63686172 		.ascii	"char\000"
 769      00
 770              	.LASF15:
 771 010a 67657450 		.ascii	"getPhVal\000"
 771      6856616C 
 771      00
 772              	.LASF4:
 773 0113 6C6F6E67 		.ascii	"long int\000"
 773      20696E74 
 773      00
 774              	.LASF12:
 775 011c 646F7562 		.ascii	"double\000"
 775      6C6500
 776              	.LASF22:
 777 0123 433A5C55 		.ascii	"C:\\Users\\Karsten\\Desktop\\IHA\\3. Semester\\Proj"
 777      73657273 
 777      5C4B6172 
 777      7374656E 
 777      5C446573 
 778 0150 656B745C 		.ascii	"ekt\\PHProbe\\PHProbe.cydsn\000"
 778      50485072 
 778      6F62655C 
 778      50485072 
 778      6F62652E 
 779              	.LASF24:
 780 016a 43414C49 		.ascii	"CALIBRATE\000"
 780      42524154 
 780      4500
 781              	.LASF3:
 782 0174 73686F72 		.ascii	"short unsigned int\000"
 782      7420756E 
 782      7369676E 
 782      65642069 
 782      6E7400
 783              	.LASF0:
ARM GAS  C:\Users\Karsten\AppData\Local\Temp\ccGv3CoA.s 			page 17


 784 0187 7369676E 		.ascii	"signed char\000"
 784      65642063 
 784      68617200 
 785              	.LASF11:
 786 0193 666C6F61 		.ascii	"float\000"
 786      7400
 787              	.LASF10:
 788 0199 696E7431 		.ascii	"int16\000"
 788      3600
 789              	.LASF21:
 790 019f 2E5C6D61 		.ascii	".\\main.c\000"
 790      696E2E63 
 790      00
 791              	.LASF23:
 792 01a8 6D76546F 		.ascii	"mvToPh\000"
 792      506800
 793              	.LASF14:
 794 01af 73697A65 		.ascii	"sizetype\000"
 794      74797065 
 794      00
 795              		.ident	"GCC: (GNU Tools for ARM Embedded Processors) 4.8.4 20140526 (release) [ARM/embedded-4_8-br
